{"/Users/james-hmcts/dev/node/idam-user-dashboard/src/main/app/errors/HttpError.ts": {"path":"/Users/james-hmcts/dev/node/idam-user-dashboard/src/main/app/errors/HttpError.ts","statementMap":{"0":{"start":{"line":5,"column":4},"end":{"line":5,"column":19}},"1":{"start":{"line":6,"column":4},"end":{"line":6,"column":25}},"2":{"start":{"line":1,"column":0},"end":{"line":1,"column":13}}},"fnMap":{"0":{"name":"(anonymous_0)","decl":{"start":{"line":4,"column":2},"end":{"line":4,"column":14}},"loc":{"start":{"line":4,"column":46},"end":{"line":7,"column":3}}}},"branchMap":{},"s":{"0":6,"1":6,"2":4},"f":{"0":6},"b":{}}
,"/Users/james-hmcts/dev/node/idam-user-dashboard/src/main/app/feature-flags/FeatureFlags.ts": {"path":"/Users/james-hmcts/dev/node/idam-user-dashboard/src/main/app/feature-flags/FeatureFlags.ts","statementMap":{"0":{"start":{"line":2,"column":0},"end":{"line":2,"column":48}},"1":{"start":{"line":3,"column":0},"end":{"line":3,"column":42}},"2":{"start":{"line":4,"column":0},"end":{"line":4,"column":28}},"3":{"start":{"line":7,"column":31},"end":{"line":7,"column":67}},"4":{"start":{"line":11,"column":9},"end":{"line":18,"column":4}},"5":{"start":{"line":12,"column":4},"end":{"line":15,"column":5}},"6":{"start":{"line":13,"column":20},"end":{"line":13,"column":63}},"7":{"start":{"line":14,"column":6},"end":{"line":14,"column":36}},"8":{"start":{"line":17,"column":4},"end":{"line":17,"column":70}},"9":{"start":{"line":20,"column":9},"end":{"line":26,"column":4}},"10":{"start":{"line":21,"column":23},"end":{"line":21,"column":85}},"11":{"start":{"line":22,"column":4},"end":{"line":25,"column":9}},"12":{"start":{"line":24,"column":8},"end":{"line":24,"column":44}},"13":{"start":{"line":28,"column":9},"end":{"line":38,"column":4}},"14":{"start":{"line":29,"column":4},"end":{"line":37,"column":6}},"15":{"start":{"line":30,"column":6},"end":{"line":36,"column":11}},"16":{"start":{"line":32,"column":10},"end":{"line":32,"column":75}},"17":{"start":{"line":35,"column":10},"end":{"line":35,"column":70}},"18":{"start":{"line":8,"column":4},"end":{"line":8,"column":47}},"19":{"start":{"line":6,"column":0},"end":{"line":6,"column":13}}},"fnMap":{"0":{"name":"(anonymous_1)","decl":{"start":{"line":7,"column":2},"end":{"line":7,"column":31}},"loc":{"start":{"line":7,"column":67},"end":{"line":9,"column":3}}},"1":{"name":"(anonymous_2)","decl":{"start":{"line":11,"column":24},"end":{"line":11,"column":25}},"loc":{"start":{"line":11,"column":66},"end":{"line":18,"column":3}}},"2":{"name":"(anonymous_3)","decl":{"start":{"line":20,"column":28},"end":{"line":20,"column":29}},"loc":{"start":{"line":20,"column":53},"end":{"line":26,"column":3}}},"3":{"name":"(anonymous_4)","decl":{"start":{"line":23,"column":12},"end":{"line":23,"column":18}},"loc":{"start":{"line":23,"column":21},"end":{"line":25,"column":7}}},"4":{"name":"(anonymous_5)","decl":{"start":{"line":28,"column":23},"end":{"line":28,"column":24}},"loc":{"start":{"line":28,"column":65},"end":{"line":38,"column":3}}},"5":{"name":"(anonymous_6)","decl":{"start":{"line":29,"column":11},"end":{"line":29,"column":12}},"loc":{"start":{"line":29,"column":63},"end":{"line":37,"column":5}}},"6":{"name":"(anonymous_7)","decl":{"start":{"line":31,"column":14},"end":{"line":31,"column":19}},"loc":{"start":{"line":31,"column":22},"end":{"line":33,"column":9}}},"7":{"name":"(anonymous_8)","decl":{"start":{"line":34,"column":15},"end":{"line":34,"column":18}},"loc":{"start":{"line":34,"column":20},"end":{"line":36,"column":9}}}},"branchMap":{"0":{"loc":{"start":{"line":11,"column":42},"end":{"line":11,"column":62}},"type":"default-arg","locations":[{"start":{"line":11,"column":57},"end":{"line":11,"column":62}}]},"1":{"loc":{"start":{"line":12,"column":4},"end":{"line":15,"column":5}},"type":"if","locations":[{"start":{"line":12,"column":4},"end":{"line":15,"column":5}}]},"2":{"loc":{"start":{"line":20,"column":29},"end":{"line":20,"column":49}},"type":"default-arg","locations":[{"start":{"line":20,"column":44},"end":{"line":20,"column":49}}]},"3":{"loc":{"start":{"line":28,"column":41},"end":{"line":28,"column":61}},"type":"default-arg","locations":[{"start":{"line":28,"column":56},"end":{"line":28,"column":61}}]},"4":{"loc":{"start":{"line":32,"column":10},"end":{"line":32,"column":74}},"type":"cond-expr","locations":[{"start":{"line":32,"column":18},"end":{"line":32,"column":24}},{"start":{"line":32,"column":27},"end":{"line":32,"column":74}}]}},"s":{"0":1,"1":1,"2":1,"3":1,"4":1,"5":4,"6":1,"7":1,"8":3,"9":1,"10":2,"11":2,"12":2,"13":1,"14":2,"15":2,"16":2,"17":0,"18":1,"19":1},"f":{"0":1,"1":4,"2":2,"3":2,"4":2,"5":2,"6":2,"7":0},"b":{"0":[2],"1":[1],"2":[2],"3":[2],"4":[1,1]}}
,"/Users/james-hmcts/dev/node/idam-user-dashboard/src/main/app/feature-flags/flags.ts": {"path":"/Users/james-hmcts/dev/node/idam-user-dashboard/src/main/app/feature-flags/flags.ts","statementMap":{"0":{"start":{"line":1,"column":13},"end":{"line":1,"column":56}},"1":{"start":{"line":2,"column":13},"end":{"line":2,"column":58}},"2":{"start":{"line":3,"column":13},"end":{"line":3,"column":64}},"3":{"start":{"line":4,"column":13},"end":{"line":4,"column":62}},"4":{"start":{"line":5,"column":13},"end":{"line":5,"column":70}},"5":{"start":{"line":6,"column":13},"end":{"line":6,"column":86}},"6":{"start":{"line":7,"column":13},"end":{"line":7,"column":82}},"7":{"start":{"line":8,"column":13},"end":{"line":8,"column":58}},"8":{"start":{"line":9,"column":13},"end":{"line":9,"column":76}}},"fnMap":{},"branchMap":{},"s":{"0":17,"1":17,"2":17,"3":17,"4":17,"5":17,"6":17,"7":17,"8":17},"f":{},"b":{}}
,"/Users/james-hmcts/dev/node/idam-user-dashboard/src/main/app/idam-api/IdamAPI.ts": {"path":"/Users/james-hmcts/dev/node/idam-user-dashboard/src/main/app/idam-api/IdamAPI.ts","statementMap":{"0":{"start":{"line":4,"column":0},"end":{"line":4,"column":48}},"1":{"start":{"line":5,"column":0},"end":{"line":5,"column":42}},"2":{"start":{"line":8,"column":0},"end":{"line":8,"column":52}},"3":{"start":{"line":10,"column":0},"end":{"line":10,"column":58}},"4":{"start":{"line":12,"column":0},"end":{"line":12,"column":43}},"5":{"start":{"line":16,"column":21},"end":{"line":16,"column":48}},"6":{"start":{"line":17,"column":21},"end":{"line":17,"column":47}},"7":{"start":{"line":21,"column":4},"end":{"line":28,"column":9}},"8":{"start":{"line":23,"column":23},"end":{"line":23,"column":35}},"9":{"start":{"line":25,"column":29},"end":{"line":25,"column":77}},"10":{"start":{"line":26,"column":8},"end":{"line":26,"column":82}},"11":{"start":{"line":27,"column":8},"end":{"line":27,"column":44}},"12":{"start":{"line":32,"column":4},"end":{"line":32,"column":63}},"13":{"start":{"line":36,"column":4},"end":{"line":36,"column":60}},"14":{"start":{"line":40,"column":4},"end":{"line":47,"column":9}},"15":{"start":{"line":42,"column":23},"end":{"line":42,"column":35}},"16":{"start":{"line":44,"column":29},"end":{"line":44,"column":72}},"17":{"start":{"line":45,"column":8},"end":{"line":45,"column":73}},"18":{"start":{"line":46,"column":8},"end":{"line":46,"column":44}},"19":{"start":{"line":51,"column":4},"end":{"line":58,"column":9}},"20":{"start":{"line":53,"column":23},"end":{"line":53,"column":35}},"21":{"start":{"line":55,"column":29},"end":{"line":55,"column":72}},"22":{"start":{"line":56,"column":8},"end":{"line":56,"column":73}},"23":{"start":{"line":57,"column":8},"end":{"line":57,"column":44}},"24":{"start":{"line":62,"column":4},"end":{"line":69,"column":9}},"25":{"start":{"line":64,"column":23},"end":{"line":64,"column":35}},"26":{"start":{"line":66,"column":29},"end":{"line":66,"column":70}},"27":{"start":{"line":67,"column":8},"end":{"line":67,"column":48}},"28":{"start":{"line":68,"column":8},"end":{"line":68,"column":44}},"29":{"start":{"line":73,"column":4},"end":{"line":79,"column":9}},"30":{"start":{"line":76,"column":29},"end":{"line":76,"column":70}},"31":{"start":{"line":77,"column":8},"end":{"line":77,"column":48}},"32":{"start":{"line":78,"column":8},"end":{"line":78,"column":38}},"33":{"start":{"line":83,"column":4},"end":{"line":89,"column":9}},"34":{"start":{"line":86,"column":29},"end":{"line":86,"column":74}},"35":{"start":{"line":87,"column":8},"end":{"line":87,"column":48}},"36":{"start":{"line":88,"column":8},"end":{"line":88,"column":38}},"37":{"start":{"line":93,"column":4},"end":{"line":100,"column":9}},"38":{"start":{"line":95,"column":23},"end":{"line":95,"column":35}},"39":{"start":{"line":97,"column":29},"end":{"line":97,"column":122}},"40":{"start":{"line":98,"column":8},"end":{"line":98,"column":48}},"41":{"start":{"line":99,"column":8},"end":{"line":99,"column":44}},"42":{"start":{"line":104,"column":4},"end":{"line":111,"column":9}},"43":{"start":{"line":106,"column":23},"end":{"line":106,"column":35}},"44":{"start":{"line":108,"column":29},"end":{"line":108,"column":74}},"45":{"start":{"line":109,"column":8},"end":{"line":109,"column":48}},"46":{"start":{"line":110,"column":8},"end":{"line":110,"column":44}},"47":{"start":{"line":115,"column":4},"end":{"line":122,"column":9}},"48":{"start":{"line":117,"column":23},"end":{"line":117,"column":35}},"49":{"start":{"line":119,"column":8},"end":{"line":119,"column":68}},"50":{"start":{"line":120,"column":8},"end":{"line":120,"column":48}},"51":{"start":{"line":121,"column":8},"end":{"line":121,"column":68}},"52":{"start":{"line":126,"column":21},"end":{"line":126,"column":47}},"53":{"start":{"line":127,"column":21},"end":{"line":129,"column":null}},"54":{"start":{"line":128,"column":22},"end":{"line":128,"column":40}},"55":{"start":{"line":129,"column":19},"end":{"line":129,"column":34}},"56":{"start":{"line":132,"column":36},"end":{"line":132,"column":45}},"57":{"start":{"line":133,"column":4},"end":{"line":139,"column":8}},"58":{"start":{"line":134,"column":22},"end":{"line":134,"column":51}},"59":{"start":{"line":135,"column":22},"end":{"line":135,"column":61}},"60":{"start":{"line":136,"column":23},"end":{"line":138,"column":59}},"61":{"start":{"line":137,"column":21},"end":{"line":137,"column":36}},"62":{"start":{"line":138,"column":22},"end":{"line":138,"column":58}},"63":{"start":{"line":141,"column":4},"end":{"line":141,"column":34}},"64":{"start":{"line":145,"column":4},"end":{"line":152,"column":9}},"65":{"start":{"line":147,"column":23},"end":{"line":147,"column":35}},"66":{"start":{"line":149,"column":29},"end":{"line":149,"column":68}},"67":{"start":{"line":150,"column":8},"end":{"line":150,"column":48}},"68":{"start":{"line":151,"column":8},"end":{"line":151,"column":44}},"69":{"start":{"line":156,"column":4},"end":{"line":163,"column":9}},"70":{"start":{"line":158,"column":23},"end":{"line":158,"column":35}},"71":{"start":{"line":160,"column":29},"end":{"line":160,"column":67}},"72":{"start":{"line":161,"column":8},"end":{"line":161,"column":48}},"73":{"start":{"line":162,"column":8},"end":{"line":162,"column":44}},"74":{"start":{"line":167,"column":22},"end":{"line":167,"column":24}},"75":{"start":{"line":168,"column":4},"end":{"line":173,"column":7}},"76":{"start":{"line":169,"column":6},"end":{"line":169,"column":37}},"77":{"start":{"line":170,"column":6},"end":{"line":172,"column":7}},"78":{"start":{"line":171,"column":8},"end":{"line":171,"column":30}},"79":{"start":{"line":175,"column":4},"end":{"line":186,"column":9}},"80":{"start":{"line":181,"column":23},"end":{"line":181,"column":35}},"81":{"start":{"line":183,"column":29},"end":{"line":183,"column":78}},"82":{"start":{"line":184,"column":8},"end":{"line":184,"column":48}},"83":{"start":{"line":185,"column":8},"end":{"line":185,"column":38}},"84":{"start":{"line":14,"column":0},"end":{"line":14,"column":13}}},"fnMap":{"0":{"name":"(anonymous_8)","decl":{"start":{"line":15,"column":2},"end":{"line":15,"column":null}},"loc":{"start":{"line":17,"column":47},"end":{"line":18,"column":7}}},"1":{"name":"(anonymous_9)","decl":{"start":{"line":20,"column":10},"end":{"line":20,"column":24}},"loc":{"start":{"line":20,"column":67},"end":{"line":29,"column":3}}},"2":{"name":"(anonymous_10)","decl":{"start":{"line":23,"column":12},"end":{"line":23,"column":19}},"loc":{"start":{"line":23,"column":23},"end":{"line":23,"column":35}}},"3":{"name":"(anonymous_11)","decl":{"start":{"line":24,"column":13},"end":{"line":24,"column":18}},"loc":{"start":{"line":24,"column":21},"end":{"line":28,"column":7}}},"4":{"name":"(anonymous_12)","decl":{"start":{"line":31,"column":9},"end":{"line":31,"column":27}},"loc":{"start":{"line":31,"column":56},"end":{"line":33,"column":3}}},"5":{"name":"(anonymous_13)","decl":{"start":{"line":35,"column":9},"end":{"line":35,"column":27}},"loc":{"start":{"line":35,"column":53},"end":{"line":37,"column":3}}},"6":{"name":"(anonymous_14)","decl":{"start":{"line":39,"column":9},"end":{"line":39,"column":20}},"loc":{"start":{"line":39,"column":46},"end":{"line":48,"column":3}}},"7":{"name":"(anonymous_15)","decl":{"start":{"line":42,"column":12},"end":{"line":42,"column":19}},"loc":{"start":{"line":42,"column":23},"end":{"line":42,"column":35}}},"8":{"name":"(anonymous_16)","decl":{"start":{"line":43,"column":13},"end":{"line":43,"column":18}},"loc":{"start":{"line":43,"column":21},"end":{"line":47,"column":7}}},"9":{"name":"(anonymous_17)","decl":{"start":{"line":50,"column":9},"end":{"line":50,"column":22}},"loc":{"start":{"line":50,"column":33},"end":{"line":59,"column":3}}},"10":{"name":"(anonymous_18)","decl":{"start":{"line":53,"column":12},"end":{"line":53,"column":19}},"loc":{"start":{"line":53,"column":23},"end":{"line":53,"column":35}}},"11":{"name":"(anonymous_19)","decl":{"start":{"line":54,"column":13},"end":{"line":54,"column":18}},"loc":{"start":{"line":54,"column":21},"end":{"line":58,"column":7}}},"12":{"name":"(anonymous_20)","decl":{"start":{"line":61,"column":9},"end":{"line":61,"column":21}},"loc":{"start":{"line":61,"column":70},"end":{"line":70,"column":3}}},"13":{"name":"(anonymous_21)","decl":{"start":{"line":64,"column":12},"end":{"line":64,"column":19}},"loc":{"start":{"line":64,"column":23},"end":{"line":64,"column":35}}},"14":{"name":"(anonymous_22)","decl":{"start":{"line":65,"column":13},"end":{"line":65,"column":18}},"loc":{"start":{"line":65,"column":21},"end":{"line":69,"column":7}}},"15":{"name":"(anonymous_23)","decl":{"start":{"line":72,"column":9},"end":{"line":72,"column":23}},"loc":{"start":{"line":72,"column":34},"end":{"line":80,"column":3}}},"16":{"name":"(anonymous_24)","decl":{"start":{"line":75,"column":13},"end":{"line":75,"column":18}},"loc":{"start":{"line":75,"column":21},"end":{"line":79,"column":7}}},"17":{"name":"(anonymous_25)","decl":{"start":{"line":82,"column":9},"end":{"line":82,"column":22}},"loc":{"start":{"line":82,"column":48},"end":{"line":90,"column":3}}},"18":{"name":"(anonymous_26)","decl":{"start":{"line":85,"column":13},"end":{"line":85,"column":18}},"loc":{"start":{"line":85,"column":21},"end":{"line":89,"column":7}}},"19":{"name":"(anonymous_27)","decl":{"start":{"line":92,"column":9},"end":{"line":92,"column":21}},"loc":{"start":{"line":92,"column":66},"end":{"line":101,"column":3}}},"20":{"name":"(anonymous_28)","decl":{"start":{"line":95,"column":12},"end":{"line":95,"column":19}},"loc":{"start":{"line":95,"column":23},"end":{"line":95,"column":35}}},"21":{"name":"(anonymous_29)","decl":{"start":{"line":96,"column":13},"end":{"line":96,"column":18}},"loc":{"start":{"line":96,"column":21},"end":{"line":100,"column":7}}},"22":{"name":"(anonymous_30)","decl":{"start":{"line":103,"column":9},"end":{"line":103,"column":23}},"loc":{"start":{"line":103,"column":23},"end":{"line":112,"column":3}}},"23":{"name":"(anonymous_31)","decl":{"start":{"line":106,"column":12},"end":{"line":106,"column":19}},"loc":{"start":{"line":106,"column":23},"end":{"line":106,"column":35}}},"24":{"name":"(anonymous_32)","decl":{"start":{"line":107,"column":13},"end":{"line":107,"column":18}},"loc":{"start":{"line":107,"column":21},"end":{"line":111,"column":7}}},"25":{"name":"(anonymous_33)","decl":{"start":{"line":114,"column":9},"end":{"line":114,"column":22}},"loc":{"start":{"line":114,"column":22},"end":{"line":123,"column":3}}},"26":{"name":"(anonymous_34)","decl":{"start":{"line":117,"column":12},"end":{"line":117,"column":19}},"loc":{"start":{"line":117,"column":23},"end":{"line":117,"column":35}}},"27":{"name":"(anonymous_35)","decl":{"start":{"line":118,"column":13},"end":{"line":118,"column":18}},"loc":{"start":{"line":118,"column":21},"end":{"line":122,"column":7}}},"28":{"name":"(anonymous_36)","decl":{"start":{"line":125,"column":15},"end":{"line":125,"column":33}},"loc":{"start":{"line":125,"column":53},"end":{"line":142,"column":null}}},"29":{"name":"(anonymous_38)","decl":{"start":{"line":128,"column":14},"end":{"line":128,"column":18}},"loc":{"start":{"line":128,"column":22},"end":{"line":128,"column":40}}},"30":{"name":"(anonymous_39)","decl":{"start":{"line":129,"column":11},"end":{"line":129,"column":15}},"loc":{"start":{"line":129,"column":19},"end":{"line":129,"column":34}}},"31":{"name":"(anonymous_40)","decl":{"start":{"line":134,"column":14},"end":{"line":134,"column":18}},"loc":{"start":{"line":134,"column":22},"end":{"line":134,"column":51}}},"32":{"name":"(anonymous_41)","decl":{"start":{"line":135,"column":14},"end":{"line":135,"column":18}},"loc":{"start":{"line":135,"column":22},"end":{"line":135,"column":61}}},"33":{"name":"(anonymous_42)","decl":{"start":{"line":136,"column":15},"end":{"line":136,"column":19}},"loc":{"start":{"line":136,"column":23},"end":{"line":138,"column":59}}},"34":{"name":"(anonymous_43)","decl":{"start":{"line":137,"column":16},"end":{"line":137,"column":17}},"loc":{"start":{"line":137,"column":21},"end":{"line":137,"column":36}}},"35":{"name":"(anonymous_44)","decl":{"start":{"line":138,"column":17},"end":{"line":138,"column":18}},"loc":{"start":{"line":138,"column":22},"end":{"line":138,"column":58}}},"36":{"name":"(anonymous_45)","decl":{"start":{"line":144,"column":9},"end":{"line":144,"column":25}},"loc":{"start":{"line":144,"column":86},"end":{"line":153,"column":3}}},"37":{"name":"(anonymous_46)","decl":{"start":{"line":147,"column":12},"end":{"line":147,"column":19}},"loc":{"start":{"line":147,"column":23},"end":{"line":147,"column":35}}},"38":{"name":"(anonymous_47)","decl":{"start":{"line":148,"column":13},"end":{"line":148,"column":18}},"loc":{"start":{"line":148,"column":21},"end":{"line":152,"column":7}}},"39":{"name":"(anonymous_48)","decl":{"start":{"line":155,"column":9},"end":{"line":155,"column":27}},"loc":{"start":{"line":155,"column":71},"end":{"line":164,"column":3}}},"40":{"name":"(anonymous_49)","decl":{"start":{"line":158,"column":12},"end":{"line":158,"column":19}},"loc":{"start":{"line":158,"column":23},"end":{"line":158,"column":35}}},"41":{"name":"(anonymous_50)","decl":{"start":{"line":159,"column":13},"end":{"line":159,"column":18}},"loc":{"start":{"line":159,"column":21},"end":{"line":163,"column":7}}},"42":{"name":"(anonymous_51)","decl":{"start":{"line":166,"column":9},"end":{"line":166,"column":26}},"loc":{"start":{"line":166,"column":94},"end":{"line":187,"column":3}}},"43":{"name":"(anonymous_52)","decl":{"start":{"line":168,"column":18},"end":{"line":168,"column":19}},"loc":{"start":{"line":168,"column":41},"end":{"line":173,"column":5}}},"44":{"name":"(anonymous_53)","decl":{"start":{"line":181,"column":12},"end":{"line":181,"column":19}},"loc":{"start":{"line":181,"column":23},"end":{"line":181,"column":35}}},"45":{"name":"(anonymous_54)","decl":{"start":{"line":182,"column":13},"end":{"line":182,"column":18}},"loc":{"start":{"line":182,"column":21},"end":{"line":186,"column":7}}}},"branchMap":{"0":{"loc":{"start":{"line":26,"column":24},"end":{"line":26,"column":44}},"type":"binary-expr","locations":[{"start":{"line":26,"column":24},"end":{"line":26,"column":35}},{"start":{"line":26,"column":39},"end":{"line":26,"column":44}}]},"1":{"loc":{"start":{"line":45,"column":24},"end":{"line":45,"column":44}},"type":"binary-expr","locations":[{"start":{"line":45,"column":24},"end":{"line":45,"column":35}},{"start":{"line":45,"column":39},"end":{"line":45,"column":44}}]},"2":{"loc":{"start":{"line":56,"column":24},"end":{"line":56,"column":44}},"type":"binary-expr","locations":[{"start":{"line":56,"column":24},"end":{"line":56,"column":35}},{"start":{"line":56,"column":39},"end":{"line":56,"column":44}}]},"3":{"loc":{"start":{"line":67,"column":24},"end":{"line":67,"column":44}},"type":"binary-expr","locations":[{"start":{"line":67,"column":24},"end":{"line":67,"column":35}},{"start":{"line":67,"column":39},"end":{"line":67,"column":44}}]},"4":{"loc":{"start":{"line":77,"column":24},"end":{"line":77,"column":44}},"type":"binary-expr","locations":[{"start":{"line":77,"column":24},"end":{"line":77,"column":35}},{"start":{"line":77,"column":39},"end":{"line":77,"column":44}}]},"5":{"loc":{"start":{"line":87,"column":24},"end":{"line":87,"column":44}},"type":"binary-expr","locations":[{"start":{"line":87,"column":24},"end":{"line":87,"column":35}},{"start":{"line":87,"column":39},"end":{"line":87,"column":44}}]},"6":{"loc":{"start":{"line":97,"column":29},"end":{"line":97,"column":122}},"type":"cond-expr","locations":[{"start":{"line":97,"column":62},"end":{"line":97,"column":83}},{"start":{"line":97,"column":85},"end":{"line":97,"column":122}}]},"7":{"loc":{"start":{"line":97,"column":29},"end":{"line":97,"column":51}},"type":"cond-expr","locations":[{"start":{"line":97,"column":43},"end":{"line":97,"column":45}},{"start":{"line":97,"column":43},"end":{"line":97,"column":51}}]},"8":{"loc":{"start":{"line":97,"column":29},"end":{"line":97,"column":45}},"type":"binary-expr","locations":[{"start":{"line":97,"column":29},"end":{"line":97,"column":45}},{"start":{"line":97,"column":43},"end":{"line":97,"column":45}}]},"9":{"loc":{"start":{"line":98,"column":24},"end":{"line":98,"column":44}},"type":"binary-expr","locations":[{"start":{"line":98,"column":24},"end":{"line":98,"column":35}},{"start":{"line":98,"column":39},"end":{"line":98,"column":44}}]},"10":{"loc":{"start":{"line":109,"column":24},"end":{"line":109,"column":44}},"type":"binary-expr","locations":[{"start":{"line":109,"column":24},"end":{"line":109,"column":35}},{"start":{"line":109,"column":39},"end":{"line":109,"column":44}}]},"11":{"loc":{"start":{"line":120,"column":24},"end":{"line":120,"column":44}},"type":"binary-expr","locations":[{"start":{"line":120,"column":24},"end":{"line":120,"column":35}},{"start":{"line":120,"column":39},"end":{"line":120,"column":44}}]},"12":{"loc":{"start":{"line":150,"column":24},"end":{"line":150,"column":44}},"type":"binary-expr","locations":[{"start":{"line":150,"column":24},"end":{"line":150,"column":35}},{"start":{"line":150,"column":39},"end":{"line":150,"column":44}}]},"13":{"loc":{"start":{"line":161,"column":24},"end":{"line":161,"column":44}},"type":"binary-expr","locations":[{"start":{"line":161,"column":24},"end":{"line":161,"column":35}},{"start":{"line":161,"column":39},"end":{"line":161,"column":44}}]},"14":{"loc":{"start":{"line":166,"column":59},"end":{"line":166,"column":76}},"type":"default-arg","locations":[{"start":{"line":166,"column":74},"end":{"line":166,"column":76}}]},"15":{"loc":{"start":{"line":166,"column":78},"end":{"line":166,"column":94}},"type":"default-arg","locations":[{"start":{"line":166,"column":93},"end":{"line":166,"column":94}}]},"16":{"loc":{"start":{"line":170,"column":6},"end":{"line":172,"column":7}},"type":"if","locations":[{"start":{"line":170,"column":6},"end":{"line":172,"column":7}}]},"17":{"loc":{"start":{"line":184,"column":24},"end":{"line":184,"column":44}},"type":"binary-expr","locations":[{"start":{"line":184,"column":24},"end":{"line":184,"column":35}},{"start":{"line":184,"column":39},"end":{"line":184,"column":44}}]}},"s":{"0":1,"1":1,"2":1,"3":1,"4":1,"5":29,"6":29,"7":6,"8":4,"9":2,"10":2,"11":2,"12":4,"13":2,"14":2,"15":1,"16":1,"17":1,"18":1,"19":0,"20":0,"21":0,"22":0,"23":0,"24":2,"25":1,"26":1,"27":1,"28":1,"29":2,"30":1,"31":1,"32":1,"33":0,"34":0,"35":0,"36":0,"37":2,"38":1,"39":1,"40":1,"41":1,"42":2,"43":1,"44":1,"45":1,"46":1,"47":2,"48":1,"49":1,"50":1,"51":1,"52":4,"53":4,"54":19,"55":18,"56":4,"57":4,"58":18,"59":7,"60":6,"61":9,"62":9,"63":4,"64":2,"65":1,"66":1,"67":1,"68":1,"69":2,"70":1,"71":1,"72":1,"73":1,"74":3,"75":3,"76":4,"77":4,"78":1,"79":3,"80":2,"81":1,"82":1,"83":1,"84":1},"f":{"0":29,"1":6,"2":4,"3":2,"4":4,"5":2,"6":2,"7":1,"8":1,"9":0,"10":0,"11":0,"12":2,"13":1,"14":1,"15":2,"16":1,"17":0,"18":0,"19":2,"20":1,"21":1,"22":2,"23":1,"24":1,"25":2,"26":1,"27":1,"28":4,"29":19,"30":18,"31":18,"32":7,"33":6,"34":9,"35":9,"36":2,"37":1,"38":1,"39":2,"40":1,"41":1,"42":3,"43":4,"44":2,"45":1},"b":{"0":[2,1],"1":[1,1],"2":[0,0],"3":[1,1],"4":[1,1],"5":[0,0],"6":[0,1],"7":[1,0],"8":[1,1],"9":[1,1],"10":[1,1],"11":[1,1],"12":[1,1],"13":[1,1],"14":[3],"15":[3],"16":[1],"17":[1,1]}}
,"/Users/james-hmcts/dev/node/idam-user-dashboard/src/main/app/invite-service/Invite.ts": {"path":"/Users/james-hmcts/dev/node/idam-user-dashboard/src/main/app/invite-service/Invite.ts","statementMap":{"0":{"start":{"line":1,"column":0},"end":{"line":1,"column":null}},"1":{"start":{"line":2,"column":2},"end":{"line":2,"column":null}},"2":{"start":{"line":3,"column":2},"end":{"line":3,"column":null}},"3":{"start":{"line":4,"column":2},"end":{"line":4,"column":null}},"4":{"start":{"line":5,"column":2},"end":{"line":5,"column":null}}},"fnMap":{"0":{"name":"(anonymous_0)","decl":{"start":{"line":1,"column":0},"end":{"line":1,"column":12}},"loc":{"start":{"line":1,"column":27},"end":{"line":6,"column":1}}}},"branchMap":{"0":{"loc":{"start":{"line":1,"column":12},"end":{"line":1,"column":null}},"type":"binary-expr","locations":[{"start":{"line":1,"column":12},"end":{"line":1,"column":27}},{"start":{"line":1,"column":27},"end":{"line":1,"column":null}}]}},"s":{"0":2,"1":2,"2":2,"3":2,"4":2},"f":{"0":2},"b":{"0":[2,2]}}
,"/Users/james-hmcts/dev/node/idam-user-dashboard/src/main/app/invite-service/InviteService.ts": {"path":"/Users/james-hmcts/dev/node/idam-user-dashboard/src/main/app/invite-service/InviteService.ts","statementMap":{"0":{"start":{"line":1,"column":0},"end":{"line":1,"column":40}},"1":{"start":{"line":3,"column":0},"end":{"line":3,"column":49}},"2":{"start":{"line":4,"column":0},"end":{"line":4,"column":28}},"3":{"start":{"line":5,"column":0},"end":{"line":5,"column":46}},"4":{"start":{"line":6,"column":0},"end":{"line":6,"column":43}},"5":{"start":{"line":7,"column":18},"end":{"line":7,"column":44}},"6":{"start":{"line":15,"column":21},"end":{"line":15,"column":50}},"7":{"start":{"line":10,"column":19},"end":{"line":10,"column":89}},"8":{"start":{"line":11,"column":19},"end":{"line":11,"column":93}},"9":{"start":{"line":12,"column":19},"end":{"line":12,"column":44}},"10":{"start":{"line":18,"column":10},"end":{"line":42,"column":4}},"11":{"start":{"line":23,"column":4},"end":{"line":41,"column":9}},"12":{"start":{"line":38,"column":8},"end":{"line":38,"column":116}},"13":{"start":{"line":39,"column":8},"end":{"line":39,"column":55}},"14":{"start":{"line":40,"column":8},"end":{"line":40,"column":73}},"15":{"start":{"line":44,"column":9},"end":{"line":50,"column":4}},"16":{"start":{"line":45,"column":34},"end":{"line":45,"column":83}},"17":{"start":{"line":46,"column":4},"end":{"line":48,"column":5}},"18":{"start":{"line":47,"column":6},"end":{"line":47,"column":70}},"19":{"start":{"line":49,"column":4},"end":{"line":49,"column":69}},"20":{"start":{"line":53,"column":28},"end":{"line":53,"column":65}},"21":{"start":{"line":54,"column":4},"end":{"line":54,"column":84}},"22":{"start":{"line":59,"column":29},"end":{"line":65,"column":6}},"23":{"start":{"line":60,"column":22},"end":{"line":60,"column":69}},"24":{"start":{"line":61,"column":6},"end":{"line":63,"column":7}},"25":{"start":{"line":62,"column":8},"end":{"line":62,"column":32}},"26":{"start":{"line":64,"column":6},"end":{"line":64,"column":21}},"27":{"start":{"line":66,"column":4},"end":{"line":72,"column":5}},"28":{"start":{"line":67,"column":6},"end":{"line":67,"column":23}},"29":{"start":{"line":69,"column":22},"end":{"line":69,"column":97}},"30":{"start":{"line":70,"column":20},"end":{"line":70,"column":67}},"31":{"start":{"line":70,"column":46},"end":{"line":70,"column":66}},"32":{"start":{"line":71,"column":6},"end":{"line":71,"column":59}},"33":{"start":{"line":9,"column":0},"end":{"line":9,"column":13}}},"fnMap":{"0":{"name":"(anonymous_1)","decl":{"start":{"line":14,"column":2},"end":{"line":14,"column":null}},"loc":{"start":{"line":15,"column":50},"end":{"line":16,"column":6}}},"1":{"name":"(anonymous_2)","decl":{"start":{"line":18,"column":23},"end":{"line":18,"column":null}},"loc":{"start":{"line":22,"column":6},"end":{"line":42,"column":3}}},"2":{"name":"(anonymous_3)","decl":{"start":{"line":37,"column":13},"end":{"line":37,"column":16}},"loc":{"start":{"line":37,"column":19},"end":{"line":41,"column":7}}},"3":{"name":"(anonymous_4)","decl":{"start":{"line":44,"column":22},"end":{"line":44,"column":23}},"loc":{"start":{"line":44,"column":58},"end":{"line":50,"column":3}}},"4":{"name":"(anonymous_5)","decl":{"start":{"line":52,"column":9},"end":{"line":52,"column":39}},"loc":{"start":{"line":52,"column":53},"end":{"line":55,"column":3}}},"5":{"name":"(anonymous_6)","decl":{"start":{"line":57,"column":2},"end":{"line":57,"column":45}},"loc":{"start":{"line":57,"column":91},"end":{"line":73,"column":3}}},"6":{"name":"(anonymous_7)","decl":{"start":{"line":59,"column":51},"end":{"line":59,"column":54}},"loc":{"start":{"line":59,"column":57},"end":{"line":65,"column":5}}},"7":{"name":"(anonymous_8)","decl":{"start":{"line":70,"column":33},"end":{"line":70,"column":34}},"loc":{"start":{"line":70,"column":46},"end":{"line":70,"column":66}}}},"branchMap":{"0":{"loc":{"start":{"line":44,"column":39},"end":{"line":44,"column":54}},"type":"default-arg","locations":[{"start":{"line":44,"column":50},"end":{"line":44,"column":54}}]},"1":{"loc":{"start":{"line":46,"column":4},"end":{"line":48,"column":5}},"type":"if","locations":[{"start":{"line":46,"column":4},"end":{"line":48,"column":5}}]},"2":{"loc":{"start":{"line":61,"column":6},"end":{"line":63,"column":7}},"type":"if","locations":[{"start":{"line":61,"column":6},"end":{"line":63,"column":7}}]},"3":{"loc":{"start":{"line":66,"column":4},"end":{"line":72,"column":5}},"type":"if","locations":[{"start":{"line":66,"column":4},"end":{"line":72,"column":5}},{"start":{"line":68,"column":11},"end":{"line":72,"column":5}}]},"4":{"loc":{"start":{"line":71,"column":13},"end":{"line":71,"column":58}},"type":"cond-expr","locations":[{"start":{"line":71,"column":21},"end":{"line":71,"column":46}},{"start":{"line":71,"column":49},"end":{"line":71,"column":58}}]}},"s":{"0":1,"1":1,"2":1,"3":1,"4":1,"5":1,"6":1,"7":1,"8":1,"9":1,"10":1,"11":4,"12":1,"13":1,"14":1,"15":1,"16":4,"17":4,"18":1,"19":3,"20":4,"21":4,"22":4,"23":4,"24":4,"25":1,"26":4,"27":4,"28":3,"29":1,"30":1,"31":2,"32":1,"33":1},"f":{"0":1,"1":4,"2":1,"3":4,"4":4,"5":4,"6":4,"7":2},"b":{"0":[4],"1":[1],"2":[1],"3":[3,1],"4":[1,0]}}
,"/Users/james-hmcts/dev/node/idam-user-dashboard/src/main/app/reports/ReportsHandler.ts": {"path":"/Users/james-hmcts/dev/node/idam-user-dashboard/src/main/app/reports/ReportsHandler.ts","statementMap":{"0":{"start":{"line":1,"column":0},"end":{"line":1,"column":27}},"1":{"start":{"line":2,"column":0},"end":{"line":2,"column":28}},"2":{"start":{"line":4,"column":0},"end":{"line":4,"column":33}},"3":{"start":{"line":5,"column":0},"end":{"line":5,"column":36}},"4":{"start":{"line":6,"column":0},"end":{"line":6,"column":43}},"5":{"start":{"line":7,"column":0},"end":{"line":7,"column":32}},"6":{"start":{"line":16,"column":19},"end":{"line":16,"column":43}},"7":{"start":{"line":19,"column":4},"end":{"line":19,"column":33}},"8":{"start":{"line":23,"column":17},"end":{"line":23,"column":25}},"9":{"start":{"line":24,"column":4},"end":{"line":30,"column":9}},"10":{"start":{"line":26,"column":18},"end":{"line":26,"column":22}},"11":{"start":{"line":28,"column":8},"end":{"line":28,"column":24}},"12":{"start":{"line":29,"column":8},"end":{"line":29,"column":26}},"13":{"start":{"line":34,"column":4},"end":{"line":39,"column":9}},"14":{"start":{"line":35,"column":30},"end":{"line":35,"column":46}},"15":{"start":{"line":37,"column":8},"end":{"line":37,"column":24}},"16":{"start":{"line":38,"column":8},"end":{"line":38,"column":26}},"17":{"start":{"line":43,"column":30},"end":{"line":43,"column":62}},"18":{"start":{"line":44,"column":30},"end":{"line":44,"column":62}},"19":{"start":{"line":45,"column":30},"end":{"line":45,"column":61}},"20":{"start":{"line":47,"column":4},"end":{"line":50,"column":5}},"21":{"start":{"line":48,"column":6},"end":{"line":48,"column":39}},"22":{"start":{"line":49,"column":6},"end":{"line":49,"column":65}},"23":{"start":{"line":52,"column":4},"end":{"line":52,"column":41}},"24":{"start":{"line":53,"column":4},"end":{"line":53,"column":35}},"25":{"start":{"line":57,"column":19},"end":{"line":57,"column":104}},"26":{"start":{"line":59,"column":21},"end":{"line":59,"column":55}},"27":{"start":{"line":60,"column":21},"end":{"line":60,"column":55}},"28":{"start":{"line":62,"column":4},"end":{"line":75,"column":6}},"29":{"start":{"line":63,"column":70},"end":{"line":68,"column":null}},"30":{"start":{"line":64,"column":8},"end":{"line":67,"column":13}},"31":{"start":{"line":66,"column":12},"end":{"line":66,"column":94}},"32":{"start":{"line":69,"column":57},"end":{"line":74,"column":null}},"33":{"start":{"line":70,"column":8},"end":{"line":73,"column":13}},"34":{"start":{"line":72,"column":12},"end":{"line":72,"column":94}},"35":{"start":{"line":79,"column":4},"end":{"line":93,"column":6}},"36":{"start":{"line":81,"column":8},"end":{"line":84,"column":13}},"37":{"start":{"line":83,"column":12},"end":{"line":83,"column":98}},"38":{"start":{"line":87,"column":8},"end":{"line":91,"column":13}},"39":{"start":{"line":88,"column":24},"end":{"line":88,"column":39}},"40":{"start":{"line":90,"column":12},"end":{"line":90,"column":99}},"41":{"start":{"line":14,"column":0},"end":{"line":14,"column":13}}},"fnMap":{"0":{"name":"(anonymous_8)","decl":{"start":{"line":18,"column":2},"end":{"line":18,"column":null}},"loc":{"start":{"line":18,"column":2},"end":{"line":20,"column":3}}},"1":{"name":"(anonymous_9)","decl":{"start":{"line":22,"column":9},"end":{"line":22,"column":29}},"loc":{"start":{"line":22,"column":45},"end":{"line":31,"column":3}}},"2":{"name":"(anonymous_10)","decl":{"start":{"line":26,"column":12},"end":{"line":26,"column":15}},"loc":{"start":{"line":26,"column":18},"end":{"line":26,"column":22}}},"3":{"name":"(anonymous_11)","decl":{"start":{"line":27,"column":13},"end":{"line":27,"column":14}},"loc":{"start":{"line":27,"column":17},"end":{"line":30,"column":7}}},"4":{"name":"(anonymous_12)","decl":{"start":{"line":33,"column":9},"end":{"line":33,"column":28}},"loc":{"start":{"line":33,"column":47},"end":{"line":40,"column":3}}},"5":{"name":"(anonymous_13)","decl":{"start":{"line":35,"column":12},"end":{"line":35,"column":13}},"loc":{"start":{"line":35,"column":30},"end":{"line":35,"column":46}}},"6":{"name":"(anonymous_14)","decl":{"start":{"line":36,"column":13},"end":{"line":36,"column":14}},"loc":{"start":{"line":36,"column":17},"end":{"line":39,"column":7}}},"7":{"name":"(anonymous_15)","decl":{"start":{"line":42,"column":10},"end":{"line":42,"column":18}},"loc":{"start":{"line":42,"column":18},"end":{"line":54,"column":3}}},"8":{"name":"(anonymous_16)","decl":{"start":{"line":56,"column":10},"end":{"line":56,"column":23}},"loc":{"start":{"line":56,"column":79},"end":{"line":76,"column":3}}},"9":{"name":"(anonymous_17)","decl":{"start":{"line":63,"column":11},"end":{"line":63,"column":18}},"loc":{"start":{"line":63,"column":70},"end":{"line":68,"column":null}}},"10":{"name":"(anonymous_18)","decl":{"start":{"line":63,"column":70},"end":{"line":63,"column":null}},"loc":{"start":{"line":63,"column":70},"end":{"line":68,"column":7}}},"11":{"name":"(anonymous_19)","decl":{"start":{"line":65,"column":17},"end":{"line":65,"column":18}},"loc":{"start":{"line":65,"column":31},"end":{"line":67,"column":11}}},"12":{"name":"(anonymous_20)","decl":{"start":{"line":69,"column":11},"end":{"line":69,"column":18}},"loc":{"start":{"line":69,"column":57},"end":{"line":74,"column":null}}},"13":{"name":"(anonymous_21)","decl":{"start":{"line":69,"column":57},"end":{"line":69,"column":null}},"loc":{"start":{"line":69,"column":57},"end":{"line":74,"column":7}}},"14":{"name":"(anonymous_22)","decl":{"start":{"line":71,"column":17},"end":{"line":71,"column":18}},"loc":{"start":{"line":71,"column":31},"end":{"line":73,"column":11}}},"15":{"name":"(anonymous_23)","decl":{"start":{"line":78,"column":10},"end":{"line":78,"column":26}},"loc":{"start":{"line":78,"column":26},"end":{"line":94,"column":3}}},"16":{"name":"(anonymous_24)","decl":{"start":{"line":80,"column":11},"end":{"line":80,"column":12}},"loc":{"start":{"line":80,"column":64},"end":{"line":85,"column":7}}},"17":{"name":"(anonymous_25)","decl":{"start":{"line":82,"column":17},"end":{"line":82,"column":18}},"loc":{"start":{"line":82,"column":21},"end":{"line":84,"column":11}}},"18":{"name":"(anonymous_26)","decl":{"start":{"line":86,"column":11},"end":{"line":86,"column":12}},"loc":{"start":{"line":86,"column":51},"end":{"line":92,"column":7}}},"19":{"name":"(anonymous_27)","decl":{"start":{"line":88,"column":16},"end":{"line":88,"column":20}},"loc":{"start":{"line":88,"column":24},"end":{"line":88,"column":39}}},"20":{"name":"(anonymous_28)","decl":{"start":{"line":89,"column":17},"end":{"line":89,"column":18}},"loc":{"start":{"line":89,"column":21},"end":{"line":91,"column":11}}}},"branchMap":{"0":{"loc":{"start":{"line":47,"column":4},"end":{"line":50,"column":5}},"type":"if","locations":[{"start":{"line":47,"column":4},"end":{"line":50,"column":5}}]},"1":{"loc":{"start":{"line":47,"column":8},"end":{"line":47,"column":30}},"type":"binary-expr","locations":[{"start":{"line":47,"column":8},"end":{"line":47,"column":17}},{"start":{"line":47,"column":21},"end":{"line":47,"column":30}}]},"2":{"loc":{"start":{"line":57,"column":37},"end":{"line":57,"column":54}},"type":"cond-expr","locations":[{"start":{"line":57,"column":37},"end":{"line":57,"column":46}},{"start":{"line":57,"column":50},"end":{"line":57,"column":54}}]},"3":{"loc":{"start":{"line":57,"column":37},"end":{"line":57,"column":50}},"type":"binary-expr","locations":[{"start":{"line":57,"column":37},"end":{"line":57,"column":50}},{"start":{"line":57,"column":37},"end":{"line":57,"column":50}}]}},"s":{"0":1,"1":1,"2":1,"3":1,"4":1,"5":1,"6":10,"7":10,"8":6,"9":6,"10":4,"11":2,"12":2,"13":4,"14":2,"15":2,"16":2,"17":10,"18":10,"19":10,"20":10,"21":5,"22":5,"23":5,"24":5,"25":5,"26":5,"27":5,"28":5,"29":3,"30":3,"31":1,"32":2,"33":2,"34":1,"35":5,"36":3,"37":1,"38":2,"39":1,"40":1,"41":1},"f":{"0":10,"1":6,"2":4,"3":2,"4":4,"5":2,"6":2,"7":10,"8":5,"9":3,"10":3,"11":1,"12":2,"13":2,"14":1,"15":5,"16":3,"17":1,"18":2,"19":1,"20":1},"b":{"0":[5],"1":[10,5],"2":[5,0],"3":[5,5]}}
,"/Users/james-hmcts/dev/node/idam-user-dashboard/src/main/app/service-provider-service/ServiceProviderService.ts": {"path":"/Users/james-hmcts/dev/node/idam-user-dashboard/src/main/app/service-provider-service/ServiceProviderService.ts","statementMap":{"0":{"start":{"line":1,"column":0},"end":{"line":1,"column":28}},"1":{"start":{"line":4,"column":0},"end":{"line":4,"column":48}},"2":{"start":{"line":5,"column":0},"end":{"line":5,"column":43}},"3":{"start":{"line":11,"column":21},"end":{"line":11,"column":50}},"4":{"start":{"line":8,"column":19},"end":{"line":8,"column":93}},"5":{"start":{"line":14,"column":9},"end":{"line":23,"column":4}},"6":{"start":{"line":15,"column":4},"end":{"line":22,"column":9}},"7":{"start":{"line":16,"column":24},"end":{"line":16,"column":37}},"8":{"start":{"line":18,"column":29},"end":{"line":18,"column":71}},"9":{"start":{"line":19,"column":8},"end":{"line":19,"column":99}},"10":{"start":{"line":20,"column":8},"end":{"line":20,"column":48}},"11":{"start":{"line":21,"column":8},"end":{"line":21,"column":65}},"12":{"start":{"line":7,"column":0},"end":{"line":7,"column":13}}},"fnMap":{"0":{"name":"(anonymous_1)","decl":{"start":{"line":10,"column":2},"end":{"line":10,"column":null}},"loc":{"start":{"line":11,"column":50},"end":{"line":12,"column":6}}},"1":{"name":"(anonymous_2)","decl":{"start":{"line":14,"column":22},"end":{"line":14,"column":23}},"loc":{"start":{"line":14,"column":69},"end":{"line":23,"column":3}}},"2":{"name":"(anonymous_3)","decl":{"start":{"line":16,"column":12},"end":{"line":16,"column":20}},"loc":{"start":{"line":16,"column":24},"end":{"line":16,"column":37}}},"3":{"name":"(anonymous_4)","decl":{"start":{"line":17,"column":13},"end":{"line":17,"column":18}},"loc":{"start":{"line":17,"column":21},"end":{"line":22,"column":7}}}},"branchMap":{"0":{"loc":{"start":{"line":19,"column":76},"end":{"line":19,"column":96}},"type":"binary-expr","locations":[{"start":{"line":19,"column":76},"end":{"line":19,"column":87}},{"start":{"line":19,"column":91},"end":{"line":19,"column":96}}]},"1":{"loc":{"start":{"line":20,"column":24},"end":{"line":20,"column":44}},"type":"binary-expr","locations":[{"start":{"line":20,"column":24},"end":{"line":20,"column":35}},{"start":{"line":20,"column":39},"end":{"line":20,"column":44}}]}},"s":{"0":1,"1":1,"2":1,"3":1,"4":1,"5":1,"6":2,"7":1,"8":1,"9":1,"10":1,"11":1,"12":1},"f":{"0":1,"1":2,"2":1,"3":1},"b":{"0":[1,1],"1":[1,1]}}
,"/Users/james-hmcts/dev/node/idam-user-dashboard/src/main/controllers/AccessibilityStatementController.ts": {"path":"/Users/james-hmcts/dev/node/idam-user-dashboard/src/main/controllers/AccessibilityStatementController.ts","statementMap":{"0":{"start":{"line":3,"column":0},"end":{"line":3,"column":50}},"1":{"start":{"line":4,"column":0},"end":{"line":4,"column":42}},"2":{"start":{"line":7,"column":7},"end":{"line":11,"column":null}},"3":{"start":{"line":9,"column":4},"end":{"line":9,"column":58}},"4":{"start":{"line":7,"column":13},"end":{"line":7,"column":45}},"5":{"start":{"line":7,"column":13},"end":{"line":11,"column":null}}},"fnMap":{"0":{"name":"(anonymous_2)","decl":{"start":{"line":8,"column":9},"end":{"line":8,"column":12}},"loc":{"start":{"line":8,"column":46},"end":{"line":10,"column":3}}}},"branchMap":{},"s":{"0":1,"1":1,"2":1,"3":1,"4":1,"5":1},"f":{"0":1},"b":{}}
,"/Users/james-hmcts/dev/node/idam-user-dashboard/src/main/controllers/AddPrivateBetaServiceController.ts": {"path":"/Users/james-hmcts/dev/node/idam-user-dashboard/src/main/controllers/AddPrivateBetaServiceController.ts","statementMap":{"0":{"start":{"line":1,"column":0},"end":{"line":1,"column":42}},"1":{"start":{"line":2,"column":0},"end":{"line":2,"column":50}},"2":{"start":{"line":5,"column":0},"end":{"line":5,"column":70}},"3":{"start":{"line":6,"column":0},"end":{"line":6,"column":54}},"4":{"start":{"line":7,"column":0},"end":{"line":7,"column":68}},"5":{"start":{"line":8,"column":0},"end":{"line":8,"column":61}},"6":{"start":{"line":9,"column":0},"end":{"line":9,"column":45}},"7":{"start":{"line":16,"column":7},"end":{"line":86,"column":null}},"8":{"start":{"line":22,"column":4},"end":{"line":22,"column":24}},"9":{"start":{"line":18,"column":21},"end":{"line":18,"column":49}},"10":{"start":{"line":19,"column":21},"end":{"line":19,"column":41}},"11":{"start":{"line":20,"column":14},"end":{"line":20,"column":41}},"12":{"start":{"line":27,"column":24},"end":{"line":27,"column":63}},"13":{"start":{"line":28,"column":19},"end":{"line":28,"column":27}},"14":{"start":{"line":29,"column":21},"end":{"line":29,"column":45}},"15":{"start":{"line":30,"column":32},"end":{"line":30,"column":75}},"16":{"start":{"line":31,"column":17},"end":{"line":35,"column":6}},"17":{"start":{"line":37,"column":4},"end":{"line":42,"column":5}},"18":{"start":{"line":38,"column":6},"end":{"line":41,"column":9}},"19":{"start":{"line":44,"column":28},"end":{"line":44,"column":89}},"20":{"start":{"line":44,"column":56},"end":{"line":44,"column":88}},"21":{"start":{"line":45,"column":23},"end":{"line":45,"column":85}},"22":{"start":{"line":47,"column":4},"end":{"line":64,"column":9}},"23":{"start":{"line":57,"column":8},"end":{"line":57,"column":59}},"24":{"start":{"line":60,"column":8},"end":{"line":63,"column":11}},"25":{"start":{"line":68,"column":28},"end":{"line":68,"column":87}},"26":{"start":{"line":68,"column":56},"end":{"line":68,"column":86}},"27":{"start":{"line":69,"column":33},"end":{"line":69,"column":51}},"28":{"start":{"line":70,"column":21},"end":{"line":70,"column":45}},"29":{"start":{"line":72,"column":4},"end":{"line":74,"column":59}},"30":{"start":{"line":73,"column":19},"end":{"line":73,"column":34}},"31":{"start":{"line":74,"column":20},"end":{"line":74,"column":57}},"32":{"start":{"line":75,"column":4},"end":{"line":75,"column":22}},"33":{"start":{"line":79,"column":21},"end":{"line":79,"column":59}},"34":{"start":{"line":80,"column":21},"end":{"line":82,"column":null}},"35":{"start":{"line":81,"column":22},"end":{"line":81,"column":40}},"36":{"start":{"line":82,"column":19},"end":{"line":82,"column":34}},"37":{"start":{"line":84,"column":4},"end":{"line":84,"column":20}},"38":{"start":{"line":16,"column":13},"end":{"line":16,"column":44}},"39":{"start":{"line":26,"column":15},"end":{"line":65,"column":null}},"40":{"start":{"line":16,"column":13},"end":{"line":86,"column":null}}},"fnMap":{"0":{"name":"(anonymous_9)","decl":{"start":{"line":17,"column":2},"end":{"line":17,"column":null}},"loc":{"start":{"line":20,"column":41},"end":{"line":23,"column":3}}},"1":{"name":"(anonymous_10)","decl":{"start":{"line":26,"column":15},"end":{"line":26,"column":19}},"loc":{"start":{"line":26,"column":53},"end":{"line":65,"column":null}}},"2":{"name":"(anonymous_13)","decl":{"start":{"line":44,"column":45},"end":{"line":44,"column":52}},"loc":{"start":{"line":44,"column":56},"end":{"line":44,"column":88}}},"3":{"name":"(anonymous_14)","decl":{"start":{"line":56,"column":13},"end":{"line":56,"column":16}},"loc":{"start":{"line":56,"column":18},"end":{"line":58,"column":7}}},"4":{"name":"(anonymous_15)","decl":{"start":{"line":59,"column":13},"end":{"line":59,"column":14}},"loc":{"start":{"line":59,"column":23},"end":{"line":64,"column":7}}},"5":{"name":"(anonymous_16)","decl":{"start":{"line":67,"column":16},"end":{"line":67,"column":38}},"loc":{"start":{"line":67,"column":83},"end":{"line":76,"column":null}}},"6":{"name":"(anonymous_18)","decl":{"start":{"line":68,"column":45},"end":{"line":68,"column":52}},"loc":{"start":{"line":68,"column":56},"end":{"line":68,"column":86}}},"7":{"name":"(anonymous_19)","decl":{"start":{"line":73,"column":14},"end":{"line":73,"column":15}},"loc":{"start":{"line":73,"column":19},"end":{"line":73,"column":34}}},"8":{"name":"(anonymous_20)","decl":{"start":{"line":74,"column":15},"end":{"line":74,"column":16}},"loc":{"start":{"line":74,"column":20},"end":{"line":74,"column":57}}},"9":{"name":"(anonymous_21)","decl":{"start":{"line":78,"column":16},"end":{"line":78,"column":27}},"loc":{"start":{"line":78,"column":27},"end":{"line":85,"column":null}}},"10":{"name":"(anonymous_23)","decl":{"start":{"line":81,"column":14},"end":{"line":81,"column":18}},"loc":{"start":{"line":81,"column":22},"end":{"line":81,"column":40}}},"11":{"name":"(anonymous_24)","decl":{"start":{"line":82,"column":11},"end":{"line":82,"column":15}},"loc":{"start":{"line":82,"column":19},"end":{"line":82,"column":34}}}},"branchMap":{"0":{"loc":{"start":{"line":37,"column":4},"end":{"line":42,"column":5}},"type":"if","locations":[{"start":{"line":37,"column":4},"end":{"line":42,"column":5}}]},"1":{"loc":{"start":{"line":37,"column":8},"end":{"line":37,"column":65}},"type":"binary-expr","locations":[{"start":{"line":37,"column":8},"end":{"line":37,"column":38}},{"start":{"line":37,"column":42},"end":{"line":37,"column":65}}]}},"s":{"0":1,"1":1,"2":1,"3":1,"4":1,"5":1,"6":1,"7":1,"8":1,"9":1,"10":1,"11":1,"12":3,"13":3,"14":3,"15":3,"16":3,"17":3,"18":1,"19":2,"20":4,"21":2,"22":2,"23":1,"24":1,"25":2,"26":4,"27":2,"28":2,"29":2,"30":2,"31":2,"32":2,"33":5,"34":5,"35":15,"36":15,"37":5,"38":1,"39":1,"40":1},"f":{"0":1,"1":3,"2":4,"3":1,"4":1,"5":2,"6":4,"7":2,"8":2,"9":5,"10":15,"11":15},"b":{"0":[1],"1":[3,3]}}
,"/Users/james-hmcts/dev/node/idam-user-dashboard/src/main/controllers/AddUserController.ts": {"path":"/Users/james-hmcts/dev/node/idam-user-dashboard/src/main/controllers/AddUserController.ts","statementMap":{"0":{"start":{"line":3,"column":0},"end":{"line":3,"column":50}},"1":{"start":{"line":4,"column":0},"end":{"line":4,"column":42}},"2":{"start":{"line":7,"column":7},"end":{"line":11,"column":null}},"3":{"start":{"line":9,"column":4},"end":{"line":9,"column":43}},"4":{"start":{"line":7,"column":13},"end":{"line":7,"column":30}},"5":{"start":{"line":7,"column":13},"end":{"line":11,"column":null}}},"fnMap":{"0":{"name":"(anonymous_2)","decl":{"start":{"line":8,"column":9},"end":{"line":8,"column":12}},"loc":{"start":{"line":8,"column":46},"end":{"line":10,"column":3}}}},"branchMap":{},"s":{"0":1,"1":1,"2":1,"3":1,"4":1,"5":1},"f":{"0":1},"b":{}}
,"/Users/james-hmcts/dev/node/idam-user-dashboard/src/main/controllers/AddUserDetailsController.ts": {"path":"/Users/james-hmcts/dev/node/idam-user-dashboard/src/main/controllers/AddUserDetailsController.ts","statementMap":{"0":{"start":{"line":3,"column":0},"end":{"line":3,"column":50}},"1":{"start":{"line":4,"column":0},"end":{"line":4,"column":42}},"2":{"start":{"line":5,"column":0},"end":{"line":5,"column":89}},"3":{"start":{"line":6,"column":0},"end":{"line":6,"column":null}},"4":{"start":{"line":14,"column":0},"end":{"line":14,"column":70}},"5":{"start":{"line":16,"column":0},"end":{"line":16,"column":88}},"6":{"start":{"line":17,"column":0},"end":{"line":17,"column":45}},"7":{"start":{"line":18,"column":0},"end":{"line":18,"column":85}},"8":{"start":{"line":22,"column":13},"end":{"line":22,"column":230}},"9":{"start":{"line":23,"column":13},"end":{"line":23,"column":166}},"10":{"start":{"line":26,"column":7},"end":{"line":139,"column":null}},"11":{"start":{"line":29,"column":4},"end":{"line":29,"column":24}},"12":{"start":{"line":28,"column":31},"end":{"line":28,"column":51}},"13":{"start":{"line":28,"column":63},"end":{"line":28,"column":90}},"14":{"start":{"line":33,"column":4},"end":{"line":33,"column":51}},"15":{"start":{"line":38,"column":4},"end":{"line":38,"column":57}},"16":{"start":{"line":39,"column":4},"end":{"line":41,"column":5}},"17":{"start":{"line":40,"column":6},"end":{"line":40,"column":54}},"18":{"start":{"line":42,"column":4},"end":{"line":42,"column":54}},"19":{"start":{"line":46,"column":18},"end":{"line":46,"column":42}},"20":{"start":{"line":48,"column":4},"end":{"line":52,"column":5}},"21":{"start":{"line":49,"column":6},"end":{"line":49,"column":59}},"22":{"start":{"line":50,"column":11},"end":{"line":52,"column":5}},"23":{"start":{"line":51,"column":6},"end":{"line":51,"column":66}},"24":{"start":{"line":55,"column":18},"end":{"line":55,"column":112}},"25":{"start":{"line":56,"column":4},"end":{"line":66,"column":5}},"26":{"start":{"line":57,"column":26},"end":{"line":57,"column":65}},"27":{"start":{"line":58,"column":23},"end":{"line":58,"column":47}},"28":{"start":{"line":59,"column":29},"end":{"line":59,"column":74}},"29":{"start":{"line":60,"column":32},"end":{"line":60,"column":111}},"30":{"start":{"line":61,"column":23},"end":{"line":61,"column":100}},"31":{"start":{"line":63,"column":6},"end":{"line":65,"column":9}},"32":{"start":{"line":68,"column":4},"end":{"line":68,"column":65}},"33":{"start":{"line":72,"column":19},"end":{"line":72,"column":27}},"34":{"start":{"line":73,"column":4},"end":{"line":73,"column":132}},"35":{"start":{"line":73,"column":41},"end":{"line":73,"column":130}},"36":{"start":{"line":74,"column":18},"end":{"line":74,"column":45}},"37":{"start":{"line":75,"column":17},"end":{"line":75,"column":56}},"38":{"start":{"line":76,"column":24},"end":{"line":76,"column":63}},"39":{"start":{"line":77,"column":21},"end":{"line":77,"column":45}},"40":{"start":{"line":79,"column":4},"end":{"line":88,"column":5}},"41":{"start":{"line":80,"column":29},"end":{"line":80,"column":74}},"42":{"start":{"line":81,"column":23},"end":{"line":81,"column":100}},"43":{"start":{"line":82,"column":32},"end":{"line":82,"column":111}},"44":{"start":{"line":84,"column":6},"end":{"line":87,"column":9}},"45":{"start":{"line":90,"column":4},"end":{"line":100,"column":5}},"46":{"start":{"line":91,"column":6},"end":{"line":95,"column":10}},"47":{"start":{"line":97,"column":23},"end":{"line":97,"column":61}},"48":{"start":{"line":98,"column":29},"end":{"line":98,"column":120}},"49":{"start":{"line":99,"column":6},"end":{"line":99,"column":104}},"50":{"start":{"line":104,"column":4},"end":{"line":104,"column":93}},"51":{"start":{"line":108,"column":34},"end":{"line":108,"column":40}},"52":{"start":{"line":109,"column":29},"end":{"line":109,"column":31}},"53":{"start":{"line":111,"column":4},"end":{"line":111,"column":118}},"54":{"start":{"line":111,"column":62},"end":{"line":111,"column":118}},"55":{"start":{"line":112,"column":4},"end":{"line":112,"column":114}},"56":{"start":{"line":112,"column":60},"end":{"line":112,"column":114}},"57":{"start":{"line":113,"column":4},"end":{"line":113,"column":96}},"58":{"start":{"line":113,"column":42},"end":{"line":113,"column":96}},"59":{"start":{"line":115,"column":4},"end":{"line":115,"column":17}},"60":{"start":{"line":119,"column":4},"end":{"line":124,"column":6}},"61":{"start":{"line":128,"column":4},"end":{"line":128,"column":66}},"62":{"start":{"line":132,"column":21},"end":{"line":132,"column":59}},"63":{"start":{"line":133,"column":21},"end":{"line":135,"column":null}},"64":{"start":{"line":134,"column":22},"end":{"line":134,"column":40}},"65":{"start":{"line":135,"column":19},"end":{"line":135,"column":34}},"66":{"start":{"line":137,"column":4},"end":{"line":137,"column":20}},"67":{"start":{"line":26,"column":13},"end":{"line":26,"column":37}},"68":{"start":{"line":37,"column":15},"end":{"line":43,"column":null}},"69":{"start":{"line":26,"column":13},"end":{"line":139,"column":null}}},"fnMap":{"0":{"name":"(anonymous_9)","decl":{"start":{"line":28,"column":2},"end":{"line":28,"column":31}},"loc":{"start":{"line":28,"column":90},"end":{"line":30,"column":3}}},"1":{"name":"(anonymous_10)","decl":{"start":{"line":32,"column":9},"end":{"line":32,"column":12}},"loc":{"start":{"line":32,"column":46},"end":{"line":34,"column":3}}},"2":{"name":"(anonymous_11)","decl":{"start":{"line":37,"column":15},"end":{"line":37,"column":19}},"loc":{"start":{"line":37,"column":53},"end":{"line":43,"column":null}}},"3":{"name":"(anonymous_13)","decl":{"start":{"line":45,"column":16},"end":{"line":45,"column":35}},"loc":{"start":{"line":45,"column":69},"end":{"line":69,"column":null}}},"4":{"name":"(anonymous_16)","decl":{"start":{"line":71,"column":16},"end":{"line":71,"column":37}},"loc":{"start":{"line":71,"column":71},"end":{"line":101,"column":null}}},"5":{"name":"(anonymous_19)","decl":{"start":{"line":73,"column":32},"end":{"line":73,"column":37}},"loc":{"start":{"line":73,"column":41},"end":{"line":73,"column":130}}},"6":{"name":"(anonymous_20)","decl":{"start":{"line":103,"column":10},"end":{"line":103,"column":19}},"loc":{"start":{"line":103,"column":75},"end":{"line":105,"column":3}}},"7":{"name":"(anonymous_21)","decl":{"start":{"line":107,"column":10},"end":{"line":107,"column":24}},"loc":{"start":{"line":107,"column":36},"end":{"line":116,"column":3}}},"8":{"name":"(anonymous_22)","decl":{"start":{"line":118,"column":16},"end":{"line":118,"column":36}},"loc":{"start":{"line":118,"column":48},"end":{"line":125,"column":null}}},"9":{"name":"(anonymous_24)","decl":{"start":{"line":127,"column":10},"end":{"line":127,"column":21}},"loc":{"start":{"line":127,"column":33},"end":{"line":129,"column":3}}},"10":{"name":"(anonymous_25)","decl":{"start":{"line":131,"column":16},"end":{"line":131,"column":27}},"loc":{"start":{"line":131,"column":27},"end":{"line":138,"column":null}}},"11":{"name":"(anonymous_27)","decl":{"start":{"line":134,"column":14},"end":{"line":134,"column":18}},"loc":{"start":{"line":134,"column":22},"end":{"line":134,"column":40}}},"12":{"name":"(anonymous_28)","decl":{"start":{"line":135,"column":11},"end":{"line":135,"column":15}},"loc":{"start":{"line":135,"column":19},"end":{"line":135,"column":34}}}},"branchMap":{"0":{"loc":{"start":{"line":39,"column":4},"end":{"line":41,"column":5}},"type":"if","locations":[{"start":{"line":39,"column":4},"end":{"line":41,"column":5}}]},"1":{"loc":{"start":{"line":48,"column":4},"end":{"line":52,"column":5}},"type":"if","locations":[{"start":{"line":48,"column":4},"end":{"line":52,"column":5}},{"start":{"line":50,"column":11},"end":{"line":52,"column":5}}]},"2":{"loc":{"start":{"line":50,"column":11},"end":{"line":52,"column":5}},"type":"if","locations":[{"start":{"line":50,"column":11},"end":{"line":52,"column":5}}]},"3":{"loc":{"start":{"line":56,"column":4},"end":{"line":66,"column":5}},"type":"if","locations":[{"start":{"line":56,"column":4},"end":{"line":66,"column":5}}]},"4":{"loc":{"start":{"line":61,"column":23},"end":{"line":61,"column":100}},"type":"cond-expr","locations":[{"start":{"line":61,"column":40},"end":{"line":61,"column":67}},{"start":{"line":61,"column":70},"end":{"line":61,"column":100}}]},"5":{"loc":{"start":{"line":73,"column":57},"end":{"line":73,"column":130}},"type":"cond-expr","locations":[{"start":{"line":73,"column":95},"end":{"line":73,"column":115}},{"start":{"line":73,"column":117},"end":{"line":73,"column":130}}]},"6":{"loc":{"start":{"line":79,"column":4},"end":{"line":88,"column":5}},"type":"if","locations":[{"start":{"line":79,"column":4},"end":{"line":88,"column":5}}]},"7":{"loc":{"start":{"line":81,"column":23},"end":{"line":81,"column":100}},"type":"cond-expr","locations":[{"start":{"line":81,"column":40},"end":{"line":81,"column":67}},{"start":{"line":81,"column":70},"end":{"line":81,"column":100}}]},"8":{"loc":{"start":{"line":90,"column":4},"end":{"line":100,"column":5}},"type":"if","locations":[{"start":{"line":90,"column":4},"end":{"line":100,"column":5}},{"start":{"line":96,"column":11},"end":{"line":100,"column":5}}]},"9":{"loc":{"start":{"line":111,"column":4},"end":{"line":111,"column":118}},"type":"if","locations":[{"start":{"line":111,"column":4},"end":{"line":111,"column":118}}]},"10":{"loc":{"start":{"line":111,"column":8},"end":{"line":111,"column":60}},"type":"binary-expr","locations":[{"start":{"line":111,"column":8},"end":{"line":111,"column":39}},{"start":{"line":111,"column":43},"end":{"line":111,"column":60}}]},"11":{"loc":{"start":{"line":112,"column":4},"end":{"line":112,"column":114}},"type":"if","locations":[{"start":{"line":112,"column":4},"end":{"line":112,"column":114}}]},"12":{"loc":{"start":{"line":112,"column":8},"end":{"line":112,"column":58}},"type":"binary-expr","locations":[{"start":{"line":112,"column":8},"end":{"line":112,"column":38}},{"start":{"line":112,"column":42},"end":{"line":112,"column":58}}]},"13":{"loc":{"start":{"line":113,"column":4},"end":{"line":113,"column":96}},"type":"if","locations":[{"start":{"line":113,"column":4},"end":{"line":113,"column":96}}]},"14":{"loc":{"start":{"line":128,"column":11},"end":{"line":128,"column":65}},"type":"cond-expr","locations":[{"start":{"line":128,"column":45},"end":{"line":128,"column":60}},{"start":{"line":128,"column":63},"end":{"line":128,"column":65}}]}},"s":{"0":1,"1":1,"2":1,"3":1,"4":1,"5":1,"6":1,"7":1,"8":1,"9":1,"10":1,"11":1,"12":1,"13":1,"14":0,"15":12,"16":12,"17":7,"18":5,"19":7,"20":7,"21":2,"22":5,"23":1,"24":4,"25":4,"26":3,"27":3,"28":3,"29":3,"30":3,"31":3,"32":1,"33":5,"34":5,"35":109,"36":5,"37":5,"38":5,"39":5,"40":5,"41":4,"42":4,"43":4,"44":4,"45":1,"46":0,"47":1,"48":1,"49":1,"50":4,"51":5,"52":5,"53":5,"54":2,"55":5,"56":2,"57":5,"58":1,"59":5,"60":5,"61":5,"62":8,"63":8,"64":24,"65":24,"66":8,"67":1,"68":1,"69":1},"f":{"0":1,"1":0,"2":12,"3":7,"4":5,"5":109,"6":4,"7":5,"8":5,"9":5,"10":8,"11":24,"12":24},"b":{"0":[7],"1":[2,5],"2":[1],"3":[3],"4":[2,1],"5":[19,90],"6":[4],"7":[2,2],"8":[0,1],"9":[2],"10":[5,5],"11":[2],"12":[5,5],"13":[1],"14":[4,1]}}
,"/Users/james-hmcts/dev/node/idam-user-dashboard/src/main/controllers/AddUserRolesController.ts": {"path":"/Users/james-hmcts/dev/node/idam-user-dashboard/src/main/controllers/AddUserRolesController.ts","statementMap":{"0":{"start":{"line":1,"column":0},"end":{"line":1,"column":42}},"1":{"start":{"line":2,"column":0},"end":{"line":2,"column":48}},"2":{"start":{"line":5,"column":0},"end":{"line":5,"column":70}},"3":{"start":{"line":6,"column":0},"end":{"line":6,"column":59}},"4":{"start":{"line":7,"column":0},"end":{"line":7,"column":61}},"5":{"start":{"line":8,"column":0},"end":{"line":8,"column":63}},"6":{"start":{"line":11,"column":0},"end":{"line":11,"column":28}},"7":{"start":{"line":12,"column":0},"end":{"line":12,"column":43}},"8":{"start":{"line":13,"column":0},"end":{"line":13,"column":61}},"9":{"start":{"line":17,"column":7},"end":{"line":77,"column":null}},"10":{"start":{"line":24,"column":4},"end":{"line":24,"column":24}},"11":{"start":{"line":19,"column":21},"end":{"line":19,"column":49}},"12":{"start":{"line":20,"column":21},"end":{"line":20,"column":67}},"13":{"start":{"line":21,"column":21},"end":{"line":21,"column":41}},"14":{"start":{"line":22,"column":14},"end":{"line":22,"column":41}},"15":{"start":{"line":29,"column":19},"end":{"line":29,"column":27}},"16":{"start":{"line":31,"column":4},"end":{"line":46,"column":5}},"17":{"start":{"line":32,"column":23},"end":{"line":32,"column":61}},"18":{"start":{"line":33,"column":29},"end":{"line":33,"column":120}},"19":{"start":{"line":35,"column":19},"end":{"line":40,"column":8}},"20":{"start":{"line":42,"column":6},"end":{"line":45,"column":9}},"21":{"start":{"line":48,"column":18},"end":{"line":48,"column":30}},"22":{"start":{"line":49,"column":24},"end":{"line":49,"column":106}},"23":{"start":{"line":51,"column":4},"end":{"line":70,"column":5}},"24":{"start":{"line":52,"column":6},"end":{"line":60,"column":9}},"25":{"start":{"line":62,"column":6},"end":{"line":69,"column":9}},"26":{"start":{"line":73,"column":6},"end":{"line":73,"column":98}},"27":{"start":{"line":74,"column":4},"end":{"line":75,"column":72}},"28":{"start":{"line":17,"column":13},"end":{"line":17,"column":35}},"29":{"start":{"line":28,"column":15},"end":{"line":76,"column":null}},"30":{"start":{"line":17,"column":13},"end":{"line":77,"column":null}}},"fnMap":{"0":{"name":"(anonymous_9)","decl":{"start":{"line":18,"column":2},"end":{"line":18,"column":null}},"loc":{"start":{"line":22,"column":41},"end":{"line":25,"column":3}}},"1":{"name":"(anonymous_10)","decl":{"start":{"line":28,"column":15},"end":{"line":28,"column":19}},"loc":{"start":{"line":28,"column":53},"end":{"line":76,"column":null}}}},"branchMap":{"0":{"loc":{"start":{"line":31,"column":4},"end":{"line":46,"column":5}},"type":"if","locations":[{"start":{"line":31,"column":4},"end":{"line":46,"column":5}}]},"1":{"loc":{"start":{"line":51,"column":4},"end":{"line":70,"column":5}},"type":"if","locations":[{"start":{"line":51,"column":4},"end":{"line":70,"column":5}},{"start":{"line":61,"column":11},"end":{"line":70,"column":5}}]}},"s":{"0":1,"1":1,"2":1,"3":1,"4":1,"5":1,"6":1,"7":1,"8":1,"9":1,"10":1,"11":1,"12":1,"13":1,"14":1,"15":5,"16":5,"17":1,"18":1,"19":1,"20":1,"21":4,"22":4,"23":4,"24":1,"25":3,"26":4,"27":4,"28":1,"29":1,"30":1},"f":{"0":1,"1":5},"b":{"0":[1],"1":[1,3]}}
,"/Users/james-hmcts/dev/node/idam-user-dashboard/src/main/controllers/DownloadReportController.ts": {"path":"/Users/james-hmcts/dev/node/idam-user-dashboard/src/main/controllers/DownloadReportController.ts","statementMap":{"0":{"start":{"line":1,"column":0},"end":{"line":1,"column":42}},"1":{"start":{"line":5,"column":0},"end":{"line":5,"column":33}},"2":{"start":{"line":6,"column":0},"end":{"line":6,"column":66}},"3":{"start":{"line":7,"column":0},"end":{"line":7,"column":50}},"4":{"start":{"line":9,"column":0},"end":{"line":9,"column":40}},"5":{"start":{"line":12,"column":7},"end":{"line":54,"column":null}},"6":{"start":{"line":17,"column":4},"end":{"line":17,"column":12}},"7":{"start":{"line":14,"column":21},"end":{"line":14,"column":52}},"8":{"start":{"line":15,"column":21},"end":{"line":15,"column":41}},"9":{"start":{"line":21,"column":23},"end":{"line":21,"column":44}},"10":{"start":{"line":22,"column":4},"end":{"line":35,"column":10}},"11":{"start":{"line":24,"column":8},"end":{"line":24,"column":71}},"12":{"start":{"line":26,"column":26},"end":{"line":26,"column":86}},"13":{"start":{"line":27,"column":8},"end":{"line":27,"column":47}},"14":{"start":{"line":28,"column":8},"end":{"line":28,"column":61}},"15":{"start":{"line":29,"column":8},"end":{"line":29,"column":22}},"16":{"start":{"line":31,"column":19},"end":{"line":35,"column":8}},"17":{"start":{"line":39,"column":20},"end":{"line":39,"column":22}},"18":{"start":{"line":41,"column":17},"end":{"line":41,"column":18}},"19":{"start":{"line":42,"column":19},"end":{"line":42,"column":77}},"20":{"start":{"line":43,"column":4},"end":{"line":43,"column":78}},"21":{"start":{"line":44,"column":4},"end":{"line":51,"column":50}},"22":{"start":{"line":45,"column":6},"end":{"line":46,"column":88}},"23":{"start":{"line":46,"column":24},"end":{"line":46,"column":86}},"24":{"start":{"line":47,"column":6},"end":{"line":49,"column":7}},"25":{"start":{"line":48,"column":8},"end":{"line":48,"column":39}},"26":{"start":{"line":50,"column":6},"end":{"line":50,"column":15}},"27":{"start":{"line":52,"column":4},"end":{"line":52,"column":21}},"28":{"start":{"line":12,"column":13},"end":{"line":12,"column":37}},"29":{"start":{"line":12,"column":13},"end":{"line":54,"column":null}}},"fnMap":{"0":{"name":"(anonymous_9)","decl":{"start":{"line":13,"column":2},"end":{"line":13,"column":null}},"loc":{"start":{"line":15,"column":41},"end":{"line":18,"column":3}}},"1":{"name":"(anonymous_10)","decl":{"start":{"line":20,"column":15},"end":{"line":20,"column":18}},"loc":{"start":{"line":20,"column":52},"end":{"line":36,"column":null}}},"2":{"name":"(anonymous_13)","decl":{"start":{"line":23,"column":12},"end":{"line":23,"column":15}},"loc":{"start":{"line":23,"column":18},"end":{"line":30,"column":7}}},"3":{"name":"(anonymous_14)","decl":{"start":{"line":31,"column":13},"end":{"line":31,"column":16}},"loc":{"start":{"line":31,"column":19},"end":{"line":35,"column":8}}},"4":{"name":"(anonymous_15)","decl":{"start":{"line":38,"column":16},"end":{"line":38,"column":30}},"loc":{"start":{"line":38,"column":69},"end":{"line":53,"column":null}}},"5":{"name":"(anonymous_17)","decl":{"start":{"line":46,"column":14},"end":{"line":46,"column":15}},"loc":{"start":{"line":46,"column":24},"end":{"line":46,"column":86}}}},"branchMap":{"0":{"loc":{"start":{"line":46,"column":24},"end":{"line":46,"column":86}},"type":"cond-expr","locations":[{"start":{"line":46,"column":80},"end":{"line":46,"column":81}},{"start":{"line":46,"column":84},"end":{"line":46,"column":86}}]},"1":{"loc":{"start":{"line":47,"column":6},"end":{"line":49,"column":7}},"type":"if","locations":[{"start":{"line":47,"column":6},"end":{"line":49,"column":7}}]},"2":{"loc":{"start":{"line":47,"column":10},"end":{"line":47,"column":45}},"type":"binary-expr","locations":[{"start":{"line":47,"column":10},"end":{"line":47,"column":20}},{"start":{"line":47,"column":24},"end":{"line":47,"column":45}}]},"3":{"loc":{"start":{"line":51,"column":13},"end":{"line":51,"column":48}},"type":"binary-expr","locations":[{"start":{"line":51,"column":13},"end":{"line":51,"column":23}},{"start":{"line":51,"column":27},"end":{"line":51,"column":48}}]}},"s":{"0":1,"1":1,"2":1,"3":1,"4":1,"5":1,"6":1,"7":1,"8":1,"9":2,"10":2,"11":1,"12":1,"13":1,"14":1,"15":1,"16":1,"17":2,"18":2,"19":2,"20":1,"21":1,"22":2,"23":1,"24":2,"25":1,"26":2,"27":1,"28":1,"29":1},"f":{"0":1,"1":2,"2":1,"3":1,"4":2,"5":1},"b":{"0":[0,1],"1":[1],"2":[2,2],"3":[2,2]}}
,"/Users/james-hmcts/dev/node/idam-user-dashboard/src/main/controllers/GenerateReportController.ts": {"path":"/Users/james-hmcts/dev/node/idam-user-dashboard/src/main/controllers/GenerateReportController.ts","statementMap":{"0":{"start":{"line":1,"column":0},"end":{"line":1,"column":42}},"1":{"start":{"line":2,"column":0},"end":{"line":2,"column":50}},"2":{"start":{"line":6,"column":0},"end":{"line":6,"column":61}},"3":{"start":{"line":7,"column":0},"end":{"line":7,"column":null}},"4":{"start":{"line":13,"column":0},"end":{"line":13,"column":70}},"5":{"start":{"line":14,"column":0},"end":{"line":14,"column":48}},"6":{"start":{"line":17,"column":7},"end":{"line":63,"column":null}},"7":{"start":{"line":21,"column":4},"end":{"line":21,"column":12}},"8":{"start":{"line":19,"column":21},"end":{"line":19,"column":52}},"9":{"start":{"line":25,"column":4},"end":{"line":25,"column":49}},"10":{"start":{"line":30,"column":19},"end":{"line":33,"column":34}},"11":{"start":{"line":32,"column":19},"end":{"line":32,"column":30}},"12":{"start":{"line":33,"column":22},"end":{"line":33,"column":33}},"13":{"start":{"line":35,"column":19},"end":{"line":35,"column":57}},"14":{"start":{"line":36,"column":4},"end":{"line":38,"column":5}},"15":{"start":{"line":37,"column":6},"end":{"line":37,"column":71}},"16":{"start":{"line":41,"column":4},"end":{"line":49,"column":5}},"17":{"start":{"line":42,"column":6},"end":{"line":42,"column":74}},"18":{"start":{"line":44,"column":6},"end":{"line":48,"column":9}},"19":{"start":{"line":51,"column":4},"end":{"line":51,"column":81}},"20":{"start":{"line":55,"column":23},"end":{"line":55,"column":29}},"21":{"start":{"line":56,"column":30},"end":{"line":56,"column":32}},"22":{"start":{"line":58,"column":4},"end":{"line":58,"column":83}},"23":{"start":{"line":58,"column":29},"end":{"line":58,"column":83}},"24":{"start":{"line":59,"column":4},"end":{"line":59,"column":96}},"25":{"start":{"line":59,"column":35},"end":{"line":59,"column":96}},"26":{"start":{"line":61,"column":4},"end":{"line":61,"column":18}},"27":{"start":{"line":17,"column":13},"end":{"line":17,"column":37}},"28":{"start":{"line":29,"column":15},"end":{"line":52,"column":null}},"29":{"start":{"line":17,"column":13},"end":{"line":63,"column":null}}},"fnMap":{"0":{"name":"(anonymous_9)","decl":{"start":{"line":18,"column":2},"end":{"line":18,"column":null}},"loc":{"start":{"line":19,"column":52},"end":{"line":22,"column":3}}},"1":{"name":"(anonymous_10)","decl":{"start":{"line":24,"column":9},"end":{"line":24,"column":12}},"loc":{"start":{"line":24,"column":46},"end":{"line":26,"column":3}}},"2":{"name":"(anonymous_11)","decl":{"start":{"line":29,"column":15},"end":{"line":29,"column":19}},"loc":{"start":{"line":29,"column":53},"end":{"line":52,"column":null}}},"3":{"name":"(anonymous_14)","decl":{"start":{"line":32,"column":11},"end":{"line":32,"column":15}},"loc":{"start":{"line":32,"column":19},"end":{"line":32,"column":30}}},"4":{"name":"(anonymous_15)","decl":{"start":{"line":33,"column":14},"end":{"line":33,"column":18}},"loc":{"start":{"line":33,"column":22},"end":{"line":33,"column":33}}},"5":{"name":"(anonymous_16)","decl":{"start":{"line":54,"column":10},"end":{"line":54,"column":24}},"loc":{"start":{"line":54,"column":53},"end":{"line":62,"column":3}}}},"branchMap":{"0":{"loc":{"start":{"line":36,"column":4},"end":{"line":38,"column":5}},"type":"if","locations":[{"start":{"line":36,"column":4},"end":{"line":38,"column":5}}]},"1":{"loc":{"start":{"line":58,"column":4},"end":{"line":58,"column":83}},"type":"if","locations":[{"start":{"line":58,"column":4},"end":{"line":58,"column":83}}]},"2":{"loc":{"start":{"line":59,"column":4},"end":{"line":59,"column":96}},"type":"if","locations":[{"start":{"line":59,"column":4},"end":{"line":59,"column":96}}]}},"s":{"0":1,"1":1,"2":1,"3":1,"4":1,"5":1,"6":1,"7":1,"8":1,"9":1,"10":4,"11":4,"12":4,"13":4,"14":4,"15":2,"16":2,"17":2,"18":1,"19":1,"20":4,"21":4,"22":4,"23":1,"24":4,"25":1,"26":4,"27":1,"28":1,"29":1},"f":{"0":1,"1":1,"2":4,"3":4,"4":4,"5":4},"b":{"0":[2],"1":[1],"2":[1]}}
,"/Users/james-hmcts/dev/node/idam-user-dashboard/src/main/controllers/ManageUserController.ts": {"path":"/Users/james-hmcts/dev/node/idam-user-dashboard/src/main/controllers/ManageUserController.ts","statementMap":{"0":{"start":{"line":3,"column":0},"end":{"line":3,"column":50}},"1":{"start":{"line":4,"column":0},"end":{"line":4,"column":42}},"2":{"start":{"line":5,"column":0},"end":{"line":5,"column":70}},"3":{"start":{"line":6,"column":0},"end":{"line":6,"column":76}},"4":{"start":{"line":7,"column":0},"end":{"line":7,"column":null}},"5":{"start":{"line":13,"column":0},"end":{"line":13,"column":49}},"6":{"start":{"line":17,"column":18},"end":{"line":17,"column":44}},"7":{"start":{"line":18,"column":0},"end":{"line":18,"column":43}},"8":{"start":{"line":21,"column":7},"end":{"line":78,"column":null}},"9":{"start":{"line":24,"column":4},"end":{"line":24,"column":24}},"10":{"start":{"line":23,"column":31},"end":{"line":23,"column":51}},"11":{"start":{"line":23,"column":63},"end":{"line":23,"column":90}},"12":{"start":{"line":28,"column":4},"end":{"line":28,"column":46}},"13":{"start":{"line":33,"column":26},"end":{"line":33,"column":67}},"14":{"start":{"line":34,"column":4},"end":{"line":34,"column":104}},"15":{"start":{"line":35,"column":4},"end":{"line":37,"column":5}},"16":{"start":{"line":36,"column":6},"end":{"line":36,"column":59}},"17":{"start":{"line":39,"column":18},"end":{"line":39,"column":59}},"18":{"start":{"line":40,"column":4},"end":{"line":40,"column":81}},"19":{"start":{"line":42,"column":4},"end":{"line":49,"column":5}},"20":{"start":{"line":43,"column":6},"end":{"line":46,"column":7}},"21":{"start":{"line":44,"column":8},"end":{"line":44,"column":74}},"22":{"start":{"line":45,"column":8},"end":{"line":45,"column":85}},"23":{"start":{"line":47,"column":6},"end":{"line":47,"column":148}},"24":{"start":{"line":48,"column":6},"end":{"line":48,"column":113}},"25":{"start":{"line":53,"column":4},"end":{"line":59,"column":5}},"26":{"start":{"line":54,"column":6},"end":{"line":57,"column":7}},"27":{"start":{"line":55,"column":8},"end":{"line":55,"column":61}},"28":{"start":{"line":56,"column":8},"end":{"line":56,"column":15}},"29":{"start":{"line":58,"column":6},"end":{"line":58,"column":108}},"30":{"start":{"line":62,"column":4},"end":{"line":68,"column":9}},"31":{"start":{"line":64,"column":8},"end":{"line":64,"column":22}},"32":{"start":{"line":67,"column":8},"end":{"line":67,"column":104}},"33":{"start":{"line":72,"column":4},"end":{"line":76,"column":7}},"34":{"start":{"line":21,"column":13},"end":{"line":21,"column":33}},"35":{"start":{"line":32,"column":15},"end":{"line":50,"column":null}},"36":{"start":{"line":21,"column":13},"end":{"line":78,"column":null}}},"fnMap":{"0":{"name":"(anonymous_9)","decl":{"start":{"line":23,"column":2},"end":{"line":23,"column":31}},"loc":{"start":{"line":23,"column":90},"end":{"line":25,"column":3}}},"1":{"name":"(anonymous_10)","decl":{"start":{"line":27,"column":9},"end":{"line":27,"column":12}},"loc":{"start":{"line":27,"column":46},"end":{"line":29,"column":3}}},"2":{"name":"(anonymous_11)","decl":{"start":{"line":32,"column":15},"end":{"line":32,"column":19}},"loc":{"start":{"line":32,"column":53},"end":{"line":50,"column":null}}},"3":{"name":"(anonymous_13)","decl":{"start":{"line":52,"column":16},"end":{"line":52,"column":29}},"loc":{"start":{"line":52,"column":78},"end":{"line":69,"column":null}}},"4":{"name":"(anonymous_15)","decl":{"start":{"line":63,"column":12},"end":{"line":63,"column":16}},"loc":{"start":{"line":63,"column":19},"end":{"line":65,"column":7}}},"5":{"name":"(anonymous_16)","decl":{"start":{"line":66,"column":13},"end":{"line":66,"column":16}},"loc":{"start":{"line":66,"column":18},"end":{"line":68,"column":7}}},"6":{"name":"(anonymous_17)","decl":{"start":{"line":71,"column":10},"end":{"line":71,"column":19}},"loc":{"start":{"line":71,"column":75},"end":{"line":77,"column":3}}}},"branchMap":{"0":{"loc":{"start":{"line":33,"column":26},"end":{"line":33,"column":67}},"type":"binary-expr","locations":[{"start":{"line":33,"column":26},"end":{"line":33,"column":41}},{"start":{"line":33,"column":45},"end":{"line":33,"column":61}},{"start":{"line":33,"column":65},"end":{"line":33,"column":67}}]},"1":{"loc":{"start":{"line":34,"column":4},"end":{"line":34,"column":103}},"type":"cond-expr","locations":[{"start":{"line":34,"column":25},"end":{"line":34,"column":27}},{"start":{"line":34,"column":25},"end":{"line":34,"column":103}}]},"2":{"loc":{"start":{"line":34,"column":4},"end":{"line":34,"column":27}},"type":"binary-expr","locations":[{"start":{"line":34,"column":4},"end":{"line":34,"column":27}},{"start":{"line":34,"column":25},"end":{"line":34,"column":27}}]},"3":{"loc":{"start":{"line":34,"column":55},"end":{"line":34,"column":102}},"type":"cond-expr","locations":[{"start":{"line":34,"column":78},"end":{"line":34,"column":94}},{"start":{"line":34,"column":97},"end":{"line":34,"column":102}}]},"4":{"loc":{"start":{"line":35,"column":4},"end":{"line":37,"column":5}},"type":"if","locations":[{"start":{"line":35,"column":4},"end":{"line":37,"column":5}}]},"5":{"loc":{"start":{"line":40,"column":4},"end":{"line":40,"column":80}},"type":"cond-expr","locations":[{"start":{"line":40,"column":25},"end":{"line":40,"column":27}},{"start":{"line":40,"column":25},"end":{"line":40,"column":80}}]},"6":{"loc":{"start":{"line":40,"column":4},"end":{"line":40,"column":27}},"type":"binary-expr","locations":[{"start":{"line":40,"column":4},"end":{"line":40,"column":27}},{"start":{"line":40,"column":25},"end":{"line":40,"column":27}}]},"7":{"loc":{"start":{"line":40,"column":55},"end":{"line":40,"column":79}},"type":"cond-expr","locations":[{"start":{"line":40,"column":63},"end":{"line":40,"column":75}},{"start":{"line":40,"column":78},"end":{"line":40,"column":79}}]},"8":{"loc":{"start":{"line":42,"column":4},"end":{"line":49,"column":5}},"type":"if","locations":[{"start":{"line":42,"column":4},"end":{"line":49,"column":5}}]},"9":{"loc":{"start":{"line":43,"column":6},"end":{"line":46,"column":7}},"type":"if","locations":[{"start":{"line":43,"column":6},"end":{"line":46,"column":7}}]},"10":{"loc":{"start":{"line":44,"column":8},"end":{"line":44,"column":73}},"type":"cond-expr","locations":[{"start":{"line":44,"column":29},"end":{"line":44,"column":31}},{"start":{"line":44,"column":29},"end":{"line":44,"column":73}}]},"11":{"loc":{"start":{"line":44,"column":8},"end":{"line":44,"column":31}},"type":"binary-expr","locations":[{"start":{"line":44,"column":8},"end":{"line":44,"column":31}},{"start":{"line":44,"column":29},"end":{"line":44,"column":31}}]},"12":{"loc":{"start":{"line":47,"column":98},"end":{"line":47,"column":145}},"type":"cond-expr","locations":[{"start":{"line":47,"column":121},"end":{"line":47,"column":137}},{"start":{"line":47,"column":140},"end":{"line":47,"column":145}}]},"13":{"loc":{"start":{"line":48,"column":39},"end":{"line":48,"column":102}},"type":"cond-expr","locations":[{"start":{"line":48,"column":58},"end":{"line":48,"column":78}},{"start":{"line":48,"column":81},"end":{"line":48,"column":102}}]},"14":{"loc":{"start":{"line":53,"column":4},"end":{"line":59,"column":5}},"type":"if","locations":[{"start":{"line":53,"column":4},"end":{"line":59,"column":5}}]},"15":{"loc":{"start":{"line":54,"column":6},"end":{"line":57,"column":7}},"type":"if","locations":[{"start":{"line":54,"column":6},"end":{"line":57,"column":7}}]}},"s":{"0":1,"1":1,"2":1,"3":1,"4":1,"5":1,"6":1,"7":1,"8":1,"9":1,"10":1,"11":1,"12":1,"13":8,"14":8,"15":8,"16":1,"17":7,"18":7,"19":7,"20":6,"21":2,"22":2,"23":4,"24":4,"25":7,"26":4,"27":1,"28":1,"29":3,"30":3,"31":1,"32":2,"33":6,"34":1,"35":1,"36":1},"f":{"0":1,"1":1
[...]
,"/Users/james-hmcts/dev/node/idam-user-dashboard/src/main/utils/urls.ts": {"path":"/Users/james-hmcts/dev/node/idam-user-dashboard/src/main/utils/urls.ts","statementMap":{"0":{"start":{"line":2,"column":13},"end":{"line":2,"column":28}},"1":{"start":{"line":3,"column":13},"end":{"line":3,"column":34}},"2":{"start":{"line":4,"column":13},"end":{"line":4,"column":36}},"3":{"start":{"line":5,"column":13},"end":{"line":5,"column":54}},"4":{"start":{"line":7,"column":13},"end":{"line":7,"column":47}},"5":{"start":{"line":8,"column":13},"end":{"line":8,"column":40}},"6":{"start":{"line":9,"column":13},"end":{"line":9,"column":56}},"7":{"start":{"line":10,"column":13},"end":{"line":10,"column":52}},"8":{"start":{"line":11,"column":13},"end":{"line":11,"column":77}},"9":{"start":{"line":12,"column":13},"end":{"line":12,"column":61}},"10":{"start":{"line":13,"column":13},"end":{"line":13,"column":58}},"11":{"start":{"line":14,"column":13},"end":{"line":14,"column":48}},"12":{"start":{"line":15,"column":13},"end":{"line":15,"column":42}},"13":{"start":{"line":16,"column":13},"end":{"line":16,"column":48}},"14":{"start":{"line":17,"column":13},"end":{"line":17,"column":46}},"15":{"start":{"line":18,"column":13},"end":{"line":18,"column":48}},"16":{"start":{"line":19,"column":13},"end":{"line":19,"column":66}},"17":{"start":{"line":20,"column":13},"end":{"line":20,"column":46}},"18":{"start":{"line":21,"column":13},"end":{"line":21,"column":54}},"19":{"start":{"line":22,"column":13},"end":{"line":22,"column":67}}},"fnMap":{},"branchMap":{},"s":{"0":17,"1":17,"2":17,"3":17,"4":17,"5":17,"6":17,"7":17,"8":17,"9":17,"10":17,"11":17,"12":17,"13":17,"14":17,"15":17,"16":17,"17":17,"18":17,"19":17},"f":{},"b":{}}
,"/Users/james-hmcts/dev/node/idam-user-dashboard/src/main/utils/utils.ts": {"path":"/Users/james-hmcts/dev/node/idam-user-dashboard/src/main/utils/utils.ts","statementMap":{"0":{"start":{"line":1,"column":0},"end":{"line":1,"column":32}},"1":{"start":{"line":3,"column":27},"end":{"line":5,"column":1}},"2":{"start":{"line":4,"column":2},"end":{"line":4,"column":58}},"3":{"start":{"line":3,"column":13},"end":{"line":3,"column":27}},"4":{"start":{"line":7,"column":23},"end":{"line":9,"column":1}},"5":{"start":{"line":8,"column":2},"end":{"line":8,"column":45}},"6":{"start":{"line":7,"column":13},"end":{"line":7,"column":23}},"7":{"start":{"line":11,"column":29},"end":{"line":13,"column":1}},"8":{"start":{"line":12,"column":2},"end":{"line":12,"column":39}},"9":{"start":{"line":11,"column":13},"end":{"line":11,"column":29}},"10":{"start":{"line":15,"column":34},"end":{"line":18,"column":1}},"11":{"start":{"line":16,"column":17},"end":{"line":16,"column":155}},"12":{"start":{"line":17,"column":2},"end":{"line":17,"column":28}},"13":{"start":{"line":15,"column":13},"end":{"line":15,"column":34}},"14":{"start":{"line":20,"column":28},"end":{"line":22,"column":1}},"15":{"start":{"line":21,"column":2},"end":{"line":21,"column":51}},"16":{"start":{"line":20,"column":13},"end":{"line":20,"column":28}},"17":{"start":{"line":24,"column":24},"end":{"line":26,"column":1}},"18":{"start":{"line":25,"column":2},"end":{"line":25,"column":70}},"19":{"start":{"line":24,"column":13},"end":{"line":24,"column":24}},"20":{"start":{"line":28,"column":22},"end":{"line":32,"column":1}},"21":{"start":{"line":29,"column":2},"end":{"line":31,"column":36}},"22":{"start":{"line":34,"column":21},"end":{"line":45,"column":1}},"23":{"start":{"line":35,"column":2},"end":{"line":43,"column":3}},"24":{"start":{"line":36,"column":4},"end":{"line":36,"column":14}},"25":{"start":{"line":37,"column":9},"end":{"line":43,"column":3}},"26":{"start":{"line":38,"column":4},"end":{"line":38,"column":13}},"27":{"start":{"line":39,"column":9},"end":{"line":43,"column":3}},"28":{"start":{"line":40,"column":4},"end":{"line":40,"column":14}},"29":{"start":{"line":41,"column":9},"end":{"line":43,"column":3}},"30":{"start":{"line":42,"column":4},"end":{"line":42,"column":13}},"31":{"start":{"line":44,"column":2},"end":{"line":44,"column":11}},"32":{"start":{"line":47,"column":25},"end":{"line":51,"column":1}},"33":{"start":{"line":48,"column":2},"end":{"line":50,"column":3}},"34":{"start":{"line":49,"column":4},"end":{"line":49,"column":61}},"35":{"start":{"line":49,"column":41},"end":{"line":49,"column":59}},"36":{"start":{"line":47,"column":13},"end":{"line":47,"column":25}},"37":{"start":{"line":53,"column":45},"end":{"line":56,"column":1}},"38":{"start":{"line":54,"column":17},"end":{"line":54,"column":45}},"39":{"start":{"line":55,"column":2},"end":{"line":55,"column":49}},"40":{"start":{"line":53,"column":13},"end":{"line":53,"column":45}},"41":{"start":{"line":58,"column":56},"end":{"line":62,"column":1}},"42":{"start":{"line":59,"column":17},"end":{"line":59,"column":45}},"43":{"start":{"line":60,"column":2},"end":{"line":61,"column":64}},"44":{"start":{"line":58,"column":13},"end":{"line":58,"column":56}},"45":{"start":{"line":64,"column":46},"end":{"line":67,"column":1}},"46":{"start":{"line":65,"column":25},"end":{"line":65,"column":58}},"47":{"start":{"line":66,"column":2},"end":{"line":66,"column":50}},"48":{"start":{"line":64,"column":13},"end":{"line":64,"column":46}},"49":{"start":{"line":69,"column":30},"end":{"line":78,"column":1}},"50":{"start":{"line":70,"column":2},"end":{"line":76,"column":3}},"51":{"start":{"line":72,"column":21},"end":{"line":72,"column":37}},"52":{"start":{"line":73,"column":31},"end":{"line":73,"column":69}},"53":{"start":{"line":74,"column":33},"end":{"line":74,"column":80}},"54":{"start":{"line":75,"column":4},"end":{"line":75,"column":134}},"55":{"start":{"line":75,"column":56},"end":{"line":75,"column":103}},"56":{"start":{"line":77,"column":2},"end":{"line":77,"column":15}},"57":{"start":{"line":69,"column":13},"end":{"line":69,"column":30}},"58":{"start":{"line":80,"column":29},"end":{"line":82,"column":1}},"59":{"start":{"line":81,"column":2},"end":{"line":81,"column":29}},"60":{"start":{"line":80,"column":13},"end":{"line":80,"column":29}},"61":{"start":{"line":84,"column":34},"end":{"line":97,"column":1}},"62":{"start":{"line":85,"column":20},"end":{"line":89,"column":4}},"63":{"start":{"line":91,"column":2},"end":{"line":91,"column":93}},"64":{"start":{"line":91,"column":55},"end":{"line":91,"column":91}},"65":{"start":{"line":92,"column":2},"end":{"line":92,"column":95}},"66":{"start":{"line":92,"column":58},"end":{"line":92,"column":93}},"67":{"start":{"line":93,"column":2},"end":{"line":93,"column":90}},"68":{"start":{"line":93,"column":58},"end":{"line":93,"column":88}},"69":{"start":{"line":94,"column":2},"end":{"line":94,"column":88}},"70":{"start":{"line":94,"column":54},"end":{"line":94,"column":86}},"71":{"start":{"line":96,"column":2},"end":{"line":96,"column":19}},"72":{"start":{"line":84,"column":13},"end":{"line":84,"column":34}},"73":{"start":{"line":99,"column":30},"end":{"line":101,"column":1}},"74":{"start":{"line":100,"column":2},"end":{"line":100,"column":61}},"75":{"start":{"line":99,"column":13},"end":{"line":99,"column":30}},"76":{"start":{"line":103,"column":38},"end":{"line":105,"column":1}},"77":{"start":{"line":104,"column":2},"end":{"line":104,"column":73}},"78":{"start":{"line":104,"column":37},"end":{"line":104,"column":64}},"79":{"start":{"line":103,"column":13},"end":{"line":103,"column":38}},"80":{"start":{"line":107,"column":37},"end":{"line":113,"column":1}},"81":{"start":{"line":108,"column":38},"end":{"line":108,"column":40}},"82":{"start":{"line":109,"column":2},"end":{"line":111,"column":45}},"83":{"start":{"line":110,"column":17},"end":{"line":110,"column":36}},"84":{"start":{"line":111,"column":18},"end":{"line":111,"column":43}},"85":{"start":{"line":112,"column":2},"end":{"line":112,"column":27}},"86":{"start":{"line":107,"column":13},"end":{"line":107,"column":37}},"87":{"start":{"line":115,"column":47},"end":{"line":129,"column":1}},"88":{"start":{"line":116,"column":2},"end":{"line":118,"column":3}},"89":{"start":{"line":117,"column":4},"end":{"line":117,"column":22}},"90":{"start":{"line":120,"column":15},"end":{"line":120,"column":17}},"91":{"start":{"line":121,"column":2},"end":{"line":127,"column":3}},"92":{"start":{"line":121,"column":15},"end":{"line":121,"column":16}},"93":{"start":{"line":122,"column":4},"end":{"line":126,"column":5}},"94":{"start":{"line":123,"column":6},"end":{"line":123,"column":34}},"95":{"start":{"line":124,"column":11},"end":{"line":126,"column":5}},"96":{"start":{"line":125,"column":6},"end":{"line":125,"column":36}},"97":{"start":{"line":128,"column":2},"end":{"line":128,"column":46}},"98":{"start":{"line":115,"column":13},"end":{"line":115,"column":47}}},"fnMap":{"0":{"name":"(anonymous_0)","decl":{"start":{"line":3,"column":27},"end":{"line":3,"column":28}},"loc":{"start":{"line":3,"column":72},"end":{"line":5,"column":1}}},"1":{"name":"(anonymous_1)","decl":{"start":{"line":7,"column":23},"end":{"line":7,"column":24}},"loc":{"start":{"line":7,"column":50},"end":{"line":9,"column":1}}},"2":{"name":"(anonymous_2)","decl":{"start":{"line":11,"column":29},"end":{"line":11,"column":30}},"loc":{"start":{"line":11,"column":50},"end":{"line":13,"column":1}}},"3":{"name":"(anonymous_3)","decl":{"start":{"line":15,"column":34},"end":{"line":15,"column":35}},"loc":{"start":{"line":15,"column":61},"end":{"line":18,"column":1}}},"4":{"name":"(anonymous_4)","decl":{"start":{"line":20,"column":28},"end":{"line":20,"column":29}},"loc":{"start":{"line":20,"column":59},"end":{"line":22,"column":1}}},"5":{"name":"(anonymous_5)","decl":{"start":{"line":24,"column":24},"end":{"line":24,"column":25}},"loc":{"start":{"line":24,"column":42},"end":{"line":26,"column":1}}},"6":{"name":"(anonymous_6)","decl":{"start":{"line":28,"column":22},"end":{"line":28,"column":23}},"loc":{"start":{"line":28,"column":48},"end":{"line":32,"column":1}}},"7":{"name":"(anonymous_7)","decl":{"start":{"line":34,"column":21},"end":{"line":34,"column":22}},"loc":{"start":{"line":34,"column":54},"end":{"line":45,"column":1}}},"8":{"name":"(anonymous_8)","decl":{"start":{"line":47,"column":25},"end":{"line":47,"column":26}},"loc":{"start":{"line":47,"column":51},"end":{"line":51,"column":1}}},"9":{"name":"(anonymous_9)","decl":{"start":{"line":49,"column":15},"end":{"line":49,"column":16}},"loc":{"start":{"line":49,"column":41},"end":{"line":49,"column":59}}},"10":{"name":"(anonymous_10)","decl":{"start":{"line":53,"column":45},"end":{"line":53,"column":46}},"loc":{"start":{"line":53,"column":70},"end":{"line":56,"column":1}}},"11":{"name":"(anonymous_11)","decl":{"start":{"line":58,"column":56},"end":{"line":58,"column":57}},"loc":{"start":{"line":58,"column":81},"end":{"line":62,"column":1}}},"12":{"name":"(anonymous_12)","decl":{"start":{"line":64,"column":46},"end":{"line":64,"column":47}},"loc":{"start":{"line":64,"column":83},"end":{"line":67,"column":1}}},"13":{"name":"(anonymous_13)","decl":{"start":{"line":69,"column":30},"end":{"line":69,"column":31}},"loc":{"start":{"line":69,"column":56},"end":{"line":78,"column":1}}},"14":{"name":"(anonymous_14)","decl":{"start":{"line":75,"column":37},"end":{"line":75,"column":38}},"loc":{"start":{"line":75,"column":56},"end":{"line":75,"column":103}}},"15":{"name":"(anonymous_15)","decl":{"start":{"line":80,"column":29},"end":{"line":80,"column":30}},"loc":{"start":{"line":80,"column":56},"end":{"line":82,"column":1}}},"16":{"name":"(anonymous_16)","decl":{"start":{"line":84,"column":34},"end":{"line":84,"column":35}},"loc":{"start":{"line":84,"column":100},"end":{"line":97,"column":1}}},"17":{"name":"(anonymous_17)","decl":{"start":{"line":91,"column":48},"end":{"line":91,"column":51}},"loc":{"start":{"line":91,"column":55},"end":{"line":91,"column":91}}},"18":{"name":"(anonymous_18)","decl":{"start":{"line":92,"column":51},"end":{"line":92,"column":54}},"loc":{"start":{"line":92,"column":58},"end":{"line":92,"column":93}}},"19":{"name":"(anonymous_19)","decl":{"start":{"line":93,"column":51},"end":{"line":93,"column":54}},"loc":{"start":{"line":93,"column":58},"end":{"line":93,"column":88}}},"20":{"name":"(anonymous_20)","decl":{"start":{"line":94,"column":47},"end":{"line":94,"column":50}},"loc":{"start":{"line":94,"column":54},"end":{"line":94,"column":86}}},"21":{"name":"(anonymous_21)","decl":{"start":{"line":99,"column":30},"end":{"line":99,"column":31}},"loc":{"start":{"line":99,"column":69},"end":{"line":101,"column":1}}},"22":{"name":"(anonymous_22)","decl":{"start":{"line":103,"column":38},"end":{"line":103,"column":39}},"loc":{"start":{"line":103,"column":87},"end":{"line":105,"column":1}}},"23":{"name":"(anonymous_23)","decl":{"start":{"line":104,"column":26},"end":{"line":104,"column":33}},"loc":{"start":{"line":104,"column":37},"end":{"line":104,"column":64}}},"24":{"name":"(anonymous_24)","decl":{"start":{"line":107,"column":37},"end":{"line":107,"column":38}},"loc":{"start":{"line":107,"column":86},"end":{"line":113,"column":1}}},"25":{"name":"(anonymous_25)","decl":{"start":{"line":110,"column":12},"end":{"line":110,"column":13}},"loc":{"start":{"line":110,"column":17},"end":{"line":110,"column":36}}},"26":{"name":"(anonymous_26)","decl":{"start":{"line":111,"column":13},"end":{"line":111,"column":14}},"loc":{"start":{"line":111,"column":18},"end":{"line":111,"column":43}}},"27":{"name":"(anonymous_27)","decl":{"start":{"line":115,"column":47},"end":{"line":115,"column":48}},"loc":{"start":{"line":115,"column":77},"end":{"line":129,"column":1}}}},"branchMap":{"0":{"loc":{"start":{"line":4,"column":9},"end":{"line":4,"column":57}},"type":"binary-expr","locations":[{"start":{"line":4,"column":9},"end":{"line":4,"column":32}},{"start":{"line":4,"column":36},"end":{"line":4,"column":57}}]},"1":{"loc":{"start":{"line":8,"column":9},"end":{"line":8,"column":44}},"type":"binary-expr","locations":[{"start":{"line":8,"column":9},"end":{"line":8,"column":28}},{"start":{"line":8,"column":32},"end":{"line":8,"column":44}}]},"2":{"loc":{"start":{"line":21,"column":9},"end":{"line":21,"column":50}},"type":"binary-expr","locations":[{"start":{"line":21,"column":9},"end":{"line":21,"column":28}},{"start":{"line":21,"column":32},"end":{"line":21,"column":50}}]},"3":{"loc":{"start":{"line":25,"column":10},"end":{"line":25,"column":68}},"type":"binary-expr","locations":[{"start":{"line":25,"column":10},"end":{"line":25,"column":38}},{"start":{"line":25,"column":42},"end":{"line":25,"column":68}}]},"4":{"loc":{"start":{"line":29,"column":9},"end":{"line":31,"column":35}},"type":"binary-expr","locations":[{"start":{"line":29,"column":9},"end":{"line":29,"column":35}},{"start":{"line":30,"column":7},"end":{"line":30,"column":33}},{"start":{"line":31,"column":7},"end":{"line":31,"column":35}}]},"5":{"loc":{"start":{"line":35,"column":2},"end":{"line":43,"column":3}},"type":"if","locations":[{"start":{"line":35,"column":2},"end":{"line":43,"column":3}},{"start":{"line":37,"column":9},"end":{"line":43,"column":3}}]},"6":{"loc":{"start":{"line":37,"column":9},"end":{"line":43,"column":3}},"type":"if","locations":[{"start":{"line":37,"column":9},"end":{"line":43,"column":3}},{"start":{"line":39,"column":9},"end":{"line":43,"column":3}}]},"7":{"loc":{"start":{"line":39,"column":9},"end":{"line":43,"column":3}},"type":"if","locations":[{"start":{"line":39,"column":9},"end":{"line":43,"column":3}},{"start":{"line":41,"column":9},"end":{"line":43,"column":3}}]},"8":{"loc":{"start":{"line":41,"column":9},"end":{"line":43,"column":3}},"type":"if","locations":[{"start":{"line":41,"column":9},"end":{"line":43,"column":3}}]},"9":{"loc":{"start":{"line":48,"column":2},"end":{"line":50,"column":3}},"type":"if","locations":[{"start":{"line":48,"column":2},"end":{"line":50,"column":3}}]},"10":{"loc":{"start":{"line":55,"column":9},"end":{"line":55,"column":48}},"type":"cond-expr","locations":[{"start":{"line":55,"column":37},"end":{"line":55,"column":39}},{"start":{"line":55,"column":42},"end":{"line":55,"column":48}}]},"11":{"loc":{"start":{"line":60,"column":9},"end":{"line":61,"column":63}},"type":"cond-expr","locations":[{"start":{"line":60,"column":37},"end":{"line":60,"column":39}},{"start":{"line":61,"column":6},"end":{"line":61,"column":63}}]},"12":{"loc":{"start":{"line":70,"column":2},"end":{"line":76,"column":3}},"type":"if","locations":[{"start":{"line":70,"column":2},"end":{"line":76,"column":3}}]},"13":{"loc":{"start":{"line":74,"column":33},"end":{"line":74,"column":80}},"type":"cond-expr","locations":[{"start":{"line":74,"column":58},"end":{"line":74,"column":59}},{"start":{"line":74,"column":62},"end":{"line":74,"column":80}}]},"14":{"loc":{"start":{"line":75,"column":56},"end":{"line":75,"column":103}},"type":"cond-expr","locations":[{"start":{"line":75,"column":91},"end":{"line":75,"column":94}},{"start":{"line":75,"column":97},"end":{"line":75,"column":103}}]},"15":{"loc":{"start":{"line":100,"column":9},"end":{"line":100,"column":60}},"type":"cond-expr","locations":[{"start":{"line":100,"column":32},"end":{"line":100,"column":37}},{"start":{"line":100,"column":40},"end":{"line":100,"column":60}}]},"16":{"loc":{"start":{"line":116,"column":2},"end":{"line":118,"column":3}},"type":"if","locations":[{"start":{"line":116,"column":2},"end":{"line":118,"column":3}}]},"17":{"loc":{"start":{"line":122,"column":4},"end":{"line":126,"column":5}},"type":"if","locations":[{"start":{"line":122,"column":4},"end":{"line":126,"column":5}},{"start":{"line":124,"column":11},"end":{"line":126,"column":5}}]},"18":{"loc":{"start":{"line":122,"column":8},"end":{"line":122,"column":52}},"type":"binary-expr","locations":[{"start":{"line":122,"column":8},"end":{"line":122,"column":26}},{"start":{"line":122,"column":30},"end":{"line":122,"column":52}}]},"19":{"loc":{"start":{"line":124,"column":11},"end":{"line":126,"column":5}},"type":"if","locations":[{"start":{"line":124,"column":11},"end":{"line":126,"column":5}}]}},"s":{"0":18,"1":18,"2":91,"3":18,"4":18,"5":44,"6":18,"7":18,"8":51,"9":18,"10":18,"11":17,"12":17,"13":18,"14":18,"15":7,"16":18,"17":18,"18":3,"19":18,"20":18,"21":26,"22":18,"23":17,"24":8,"25":9,"26":3,"27":6,"28":2,"29":4,"30":4,"31":0,"32":18,"33":17,"34":5,"35":17,"36":18,"37":18,"38":32,"39":32,"40":18,"41":18,"42":2,"43":2,"44":18,"45":18,"46":7,"47":7,"48":18,"49":18,"50":7,"51":6,"52":6,"53":6,"54":6,"55":33,"56":1,"57":18,"58":18,"59":13,"60":18,"61":18,"62":18,"63":18,"64":61,"65":18,"66":75,"67":18,"68":75,"69":18,"70":23,"71":18,"72":18,"73":18,"74":15,"75":18,"76":18,"77":3,"78":7,"79":18,"80":18,"81":30,"82":30,"83":46,"84":15,"85":30,"86":18,"87":18,"88":4,"89":1,"90":3,"91":3,"92":3,"93":8,"94":2,"95":6,"96":3,"97":3,"98":18},"f":{"0":91,"1":44,"2":51,"3":17,"4":7,"5":3,"6":26,"7":17,"8":17,"9":17,"10":32,"11":2,"12":7,"13":7,"14":33,"15":13,"16":18,"17":61,"18":75,"19":75,"20":23,"21":15,"22":3,"23":7,"24":30,"25":46,"26":15,"27":4},"b":{"0":[91,90],"1":[44,38],"2":[7,6],"3":[3,2],"4":[26,21,18],"5":[8,9],"6":[3,6],"7":[2,4],"8":[4],"9":[5],"10":[27,5],"11":[1,1],"12":[6],"13":[2,4],"14":[22,11],"15":[12,3],"16":[1],"17":[2,6],"18":[8,4],"19":[3]}}
}
