TN:
SF:src/main/app/errors/HttpError.ts
FN:4,(anonymous_0)
FNF:1
FNH:1
FNDA:6,(anonymous_0)
DA:1,4
DA:5,6
DA:6,6
LF:3
LH:3
BRF:0
BRH:0
end_of_record
TN:
SF:src/main/app/feature-flags/FeatureFlags.ts
FN:7,(anonymous_1)
FN:11,(anonymous_2)
FN:20,(anonymous_3)
FN:23,(anonymous_4)
FN:28,(anonymous_5)
FN:29,(anonymous_6)
FN:31,(anonymous_7)
FN:34,(anonymous_8)
FNF:8
FNH:7
FNDA:1,(anonymous_1)
FNDA:4,(anonymous_2)
FNDA:2,(anonymous_3)
FNDA:2,(anonymous_4)
FNDA:2,(anonymous_5)
FNDA:2,(anonymous_6)
FNDA:2,(anonymous_7)
FNDA:0,(anonymous_8)
DA:2,1
DA:3,1
DA:4,1
DA:6,1
DA:7,1
DA:8,1
DA:11,1
DA:12,4
DA:13,1
DA:14,1
DA:17,3
DA:20,1
DA:21,2
DA:22,2
DA:24,2
DA:28,1
DA:29,2
DA:30,2
DA:32,2
DA:35,0
LF:20
LH:19
BRDA:11,0,0,2
BRDA:12,1,0,1
BRDA:20,2,0,2
BRDA:28,3,0,2
BRDA:32,4,0,1
BRDA:32,4,1,1
BRF:6
BRH:6
end_of_record
TN:
SF:src/main/app/feature-flags/flags.ts
FNF:0
FNH:0
DA:1,17
DA:2,17
DA:3,17
DA:4,17
DA:5,17
DA:6,17
DA:7,17
DA:8,17
DA:9,17
LF:9
LH:9
BRF:0
BRH:0
end_of_record
TN:
SF:src/main/app/idam-api/IdamAPI.ts
FN:15,(anonymous_8)
FN:20,(anonymous_9)
FN:23,(anonymous_10)
FN:24,(anonymous_11)
FN:31,(anonymous_12)
FN:35,(anonymous_13)
FN:39,(anonymous_14)
FN:42,(anonymous_15)
FN:43,(anonymous_16)
FN:50,(anonymous_17)
FN:53,(anonymous_18)
FN:54,(anonymous_19)
FN:61,(anonymous_20)
FN:64,(anonymous_21)
FN:65,(anonymous_22)
FN:72,(anonymous_23)
FN:75,(anonymous_24)
FN:76,(anonymous_25)
FN:83,(anonymous_26)
FN:86,(anonymous_27)
FN:93,(anonymous_28)
FN:96,(anonymous_29)
FN:103,(anonymous_30)
FN:106,(anonymous_31)
FN:107,(anonymous_32)
FN:114,(anonymous_33)
FN:117,(anonymous_34)
FN:118,(anonymous_35)
FN:125,(anonymous_36)
FN:128,(anonymous_37)
FN:129,(anonymous_38)
FN:136,(anonymous_39)
FN:139,(anonymous_41)
FN:140,(anonymous_42)
FN:145,(anonymous_43)
FN:146,(anonymous_44)
FN:147,(anonymous_45)
FN:148,(anonymous_46)
FN:149,(anonymous_47)
FN:155,(anonymous_48)
FN:158,(anonymous_49)
FN:159,(anonymous_50)
FN:166,(anonymous_51)
FN:169,(anonymous_52)
FN:170,(anonymous_53)
FN:177,(anonymous_54)
FN:179,(anonymous_55)
FN:192,(anonymous_56)
FN:193,(anonymous_57)
FNF:49
FNH:41
FNDA:29,(anonymous_8)
FNDA:6,(anonymous_9)
FNDA:4,(anonymous_10)
FNDA:2,(anonymous_11)
FNDA:4,(anonymous_12)
FNDA:2,(anonymous_13)
FNDA:2,(anonymous_14)
FNDA:1,(anonymous_15)
FNDA:1,(anonymous_16)
FNDA:0,(anonymous_17)
FNDA:0,(anonymous_18)
FNDA:0,(anonymous_19)
FNDA:0,(anonymous_20)
FNDA:0,(anonymous_21)
FNDA:0,(anonymous_22)
FNDA:2,(anonymous_23)
FNDA:1,(anonymous_24)
FNDA:1,(anonymous_25)
FNDA:2,(anonymous_26)
FNDA:1,(anonymous_27)
FNDA:0,(anonymous_28)
FNDA:0,(anonymous_29)
FNDA:2,(anonymous_30)
FNDA:1,(anonymous_31)
FNDA:1,(anonymous_32)
FNDA:2,(anonymous_33)
FNDA:1,(anonymous_34)
FNDA:1,(anonymous_35)
FNDA:2,(anonymous_36)
FNDA:1,(anonymous_37)
FNDA:1,(anonymous_38)
FNDA:4,(anonymous_39)
FNDA:19,(anonymous_41)
FNDA:18,(anonymous_42)
FNDA:18,(anonymous_43)
FNDA:7,(anonymous_44)
FNDA:6,(anonymous_45)
FNDA:9,(anonymous_46)
FNDA:9,(anonymous_47)
FNDA:2,(anonymous_48)
FNDA:1,(anonymous_49)
FNDA:1,(anonymous_50)
FNDA:2,(anonymous_51)
FNDA:1,(anonymous_52)
FNDA:1,(anonymous_53)
FNDA:3,(anonymous_54)
FNDA:4,(anonymous_55)
FNDA:2,(anonymous_56)
FNDA:1,(anonymous_57)
DA:4,1
DA:5,1
DA:8,1
DA:10,1
DA:12,1
DA:14,1
DA:16,29
DA:17,29
DA:21,6
DA:23,4
DA:25,2
DA:26,2
DA:27,2
DA:32,4
DA:36,2
DA:40,2
DA:42,1
DA:44,1
DA:45,1
DA:46,1
DA:51,0
DA:53,0
DA:55,0
DA:56,0
DA:57,0
DA:62,0
DA:64,0
DA:66,0
DA:67,0
DA:68,0
DA:73,2
DA:75,1
DA:77,1
DA:78,1
DA:79,1
DA:84,2
DA:87,1
DA:88,1
DA:89,1
DA:94,0
DA:97,0
DA:98,0
DA:99,0
DA:104,2
DA:106,1
DA:108,1
DA:109,1
DA:110,1
DA:115,2
DA:117,1
DA:119,1
DA:120,1
DA:121,1
DA:126,2
DA:128,1
DA:130,1
DA:131,1
DA:132,1
DA:137,4
DA:138,4
DA:139,19
DA:140,18
DA:143,4
DA:144,4
DA:145,18
DA:146,7
DA:147,6
DA:148,9
DA:149,9
DA:152,4
DA:156,2
DA:158,1
DA:160,1
DA:161,1
DA:162,1
DA:167,2
DA:169,1
DA:171,1
DA:172,1
DA:173,1
DA:178,3
DA:179,3
DA:180,4
DA:181,4
DA:182,1
DA:186,3
DA:192,2
DA:194,1
DA:195,1
DA:196,1
LF:90
LH:76
BRDA:26,0,0,2
BRDA:26,0,1,1
BRDA:45,1,0,1
BRDA:45,1,1,1
BRDA:56,2,0,0
BRDA:56,2,1,0
BRDA:67,3,0,0
BRDA:67,3,1,0
BRDA:78,4,0,1
BRDA:78,4,1,1
BRDA:88,5,0,1
BRDA:88,5,1,1
BRDA:98,6,0,0
BRDA:98,6,1,0
BRDA:108,7,0,0
BRDA:108,7,1,1
BRDA:108,8,0,1
BRDA:108,8,1,0
BRDA:108,9,0,1
BRDA:108,9,1,1
BRDA:109,10,0,1
BRDA:109,10,1,1
BRDA:120,11,0,1
BRDA:120,11,1,1
BRDA:131,12,0,1
BRDA:131,12,1,1
BRDA:161,13,0,1
BRDA:161,13,1,1
BRDA:172,14,0,1
BRDA:172,14,1,1
BRDA:177,15,0,3
BRDA:177,16,0,3
BRDA:181,17,0,1
BRDA:195,18,0,1
BRDA:195,18,1,1
BRF:35
BRH:27
end_of_record
TN:
SF:src/main/app/invite-service/Invite.ts
FN:1,(anonymous_0)
FNF:1
FNH:1
FNDA:2,(anonymous_0)
DA:1,2
DA:2,2
DA:3,2
DA:4,2
DA:5,2
LF:5
LH:5
BRDA:1,0,0,2
BRDA:1,0,1,2
BRF:2
BRH:2
end_of_record
TN:
SF:src/main/app/invite-service/InviteService.ts
FN:14,(anonymous_1)
FN:18,(anonymous_2)
FN:37,(anonymous_3)
FN:43,(anonymous_4)
FN:51,(anonymous_5)
FN:56,(anonymous_6)
FN:58,(anonymous_7)
FN:69,(anonymous_8)
FNF:8
FNH:8
FNDA:1,(anonymous_1)
FNDA:4,(anonymous_2)
FNDA:1,(anonymous_3)
FNDA:4,(anonymous_4)
FNDA:4,(anonymous_5)
FNDA:4,(anonymous_6)
FNDA:4,(anonymous_7)
FNDA:2,(anonymous_8)
DA:1,1
DA:3,1
DA:4,1
DA:5,1
DA:6,1
DA:7,1
DA:9,1
DA:10,1
DA:11,1
DA:12,1
DA:15,1
DA:18,1
DA:23,4
DA:38,1
DA:39,1
DA:43,1
DA:44,4
DA:45,4
DA:46,1
DA:48,3
DA:52,4
DA:53,4
DA:58,4
DA:59,4
DA:60,4
DA:61,1
DA:63,4
DA:65,4
DA:66,3
DA:68,1
DA:69,2
DA:70,1
LF:32
LH:32
BRDA:43,0,0,4
BRDA:45,1,0,1
BRDA:60,2,0,1
BRDA:65,3,0,3
BRDA:65,3,1,1
BRDA:70,4,0,1
BRDA:70,4,1,0
BRF:7
BRH:6
end_of_record
TN:
SF:src/main/app/reports/ReportsHandler.ts
FN:18,(anonymous_8)
FN:22,(anonymous_9)
FN:26,(anonymous_10)
FN:27,(anonymous_11)
FN:33,(anonymous_12)
FN:35,(anonymous_13)
FN:36,(anonymous_14)
FN:42,(anonymous_15)
FN:56,(anonymous_16)
FN:63,(anonymous_17)
FN:63,(anonymous_18)
FN:65,(anonymous_19)
FN:69,(anonymous_20)
FN:69,(anonymous_21)
FN:71,(anonymous_22)
FN:78,(anonymous_23)
FN:80,(anonymous_24)
FN:82,(anonymous_25)
FN:86,(anonymous_26)
FN:88,(anonymous_27)
FN:89,(anonymous_28)
FNF:21
FNH:21
FNDA:10,(anonymous_8)
FNDA:6,(anonymous_9)
FNDA:4,(anonymous_10)
FNDA:2,(anonymous_11)
FNDA:4,(anonymous_12)
FNDA:2,(anonymous_13)
FNDA:2,(anonymous_14)
FNDA:10,(anonymous_15)
FNDA:5,(anonymous_16)
FNDA:3,(anonymous_17)
FNDA:3,(anonymous_18)
FNDA:1,(anonymous_19)
FNDA:2,(anonymous_20)
FNDA:2,(anonymous_21)
FNDA:1,(anonymous_22)
FNDA:5,(anonymous_23)
FNDA:3,(anonymous_24)
FNDA:1,(anonymous_25)
FNDA:2,(anonymous_26)
FNDA:1,(anonymous_27)
FNDA:1,(anonymous_28)
DA:1,1
DA:2,1
DA:4,1
DA:5,1
DA:6,1
DA:7,1
DA:14,1
DA:16,10
DA:19,10
DA:23,6
DA:24,6
DA:26,4
DA:28,2
DA:29,2
DA:34,4
DA:35,2
DA:37,2
DA:38,2
DA:43,10
DA:44,10
DA:45,10
DA:47,10
DA:48,5
DA:49,5
DA:52,5
DA:53,5
DA:57,5
DA:59,5
DA:60,5
DA:62,5
DA:63,3
DA:64,3
DA:66,1
DA:69,2
DA:70,2
DA:72,1
DA:79,5
DA:81,3
DA:83,1
DA:87,2
DA:88,1
DA:90,1
LF:42
LH:42
BRDA:47,0,0,5
BRDA:47,1,0,10
BRDA:47,1,1,5
BRDA:57,2,0,5
BRDA:57,2,1,0
BRDA:57,3,0,5
BRDA:57,3,1,5
BRF:7
BRH:6
end_of_record
TN:
SF:src/main/app/service-provider-service/ServiceProviderService.ts
FN:10,(anonymous_1)
FN:14,(anonymous_2)
FN:16,(anonymous_3)
FN:17,(anonymous_4)
FNF:4
FNH:4
FNDA:1,(anonymous_1)
FNDA:2,(anonymous_2)
FNDA:1,(anonymous_3)
FNDA:1,(anonymous_4)
DA:1,1
DA:4,1
DA:5,1
DA:7,1
DA:8,1
DA:11,1
DA:14,1
DA:15,2
DA:16,1
DA:18,1
DA:19,1
DA:20,1
LF:12
LH:12
BRDA:19,0,0,1
BRDA:19,0,1,1
BRF:2
BRH:2
end_of_record
TN:
SF:src/main/controllers/AccessibilityStatementController.ts
FN:8,(anonymous_2)
FNF:1
FNH:1
FNDA:1,(anonymous_2)
DA:3,1
DA:4,1
DA:7,1
DA:9,1
LF:4
LH:4
BRF:0
BRH:0
end_of_record
TN:
SF:src/main/controllers/AddPrivateBetaServiceController.ts
FN:17,(anonymous_9)
FN:26,(anonymous_10)
FN:44,(anonymous_13)
FN:56,(anonymous_14)
FN:59,(anonymous_15)
FN:67,(anonymous_16)
FN:68,(anonymous_18)
FN:73,(anonymous_19)
FN:74,(anonymous_20)
FN:78,(anonymous_21)
FN:81,(anonymous_23)
FN:82,(anonymous_24)
FNF:12
FNH:12
FNDA:1,(anonymous_9)
FNDA:3,(anonymous_10)
FNDA:4,(anonymous_13)
FNDA:1,(anonymous_14)
FNDA:1,(anonymous_15)
FNDA:2,(anonymous_16)
FNDA:4,(anonymous_18)
FNDA:2,(anonymous_19)
FNDA:2,(anonymous_20)
FNDA:5,(anonymous_21)
FNDA:15,(anonymous_23)
FNDA:15,(anonymous_24)
DA:1,1
DA:2,1
DA:5,1
DA:6,1
DA:7,1
DA:8,1
DA:9,1
DA:16,1
DA:18,1
DA:19,1
DA:20,1
DA:22,1
DA:26,1
DA:27,3
DA:28,3
DA:29,3
DA:30,3
DA:31,3
DA:37,3
DA:38,1
DA:44,4
DA:45,2
DA:47,2
DA:57,1
DA:60,1
DA:68,4
DA:69,2
DA:70,2
DA:72,2
DA:73,2
DA:74,2
DA:75,2
DA:79,5
DA:80,5
DA:81,15
DA:82,15
DA:84,5
LF:37
LH:37
BRDA:37,0,0,1
BRDA:37,1,0,3
BRDA:37,1,1,3
BRF:3
BRH:3
end_of_record
TN:
SF:src/main/controllers/AddUserController.ts
FN:8,(anonymous_2)
FNF:1
FNH:1
FNDA:1,(anonymous_2)
DA:3,1
DA:4,1
DA:7,1
DA:9,1
LF:4
LH:4
BRF:0
BRH:0
end_of_record
TN:
SF:src/main/controllers/AddUserDetailsController.ts
FN:28,(anonymous_9)
FN:32,(anonymous_10)
FN:37,(anonymous_11)
FN:45,(anonymous_13)
FN:71,(anonymous_16)
FN:73,(anonymous_19)
FN:103,(anonymous_20)
FN:107,(anonymous_21)
FN:118,(anonymous_22)
FN:127,(anonymous_24)
FN:131,(anonymous_25)
FN:134,(anonymous_27)
FN:135,(anonymous_28)
FNF:13
FNH:12
FNDA:1,(anonymous_9)
FNDA:0,(anonymous_10)
FNDA:12,(anonymous_11)
FNDA:7,(anonymous_13)
FNDA:5,(anonymous_16)
FNDA:109,(anonymous_19)
FNDA:4,(anonymous_20)
FNDA:5,(anonymous_21)
FNDA:5,(anonymous_22)
FNDA:5,(anonymous_24)
FNDA:8,(anonymous_25)
FNDA:24,(anonymous_27)
FNDA:24,(anonymous_28)
DA:3,1
DA:4,1
DA:5,1
DA:6,1
DA:14,1
DA:16,1
DA:17,1
DA:18,1
DA:22,1
DA:23,1
DA:26,1
DA:28,1
DA:29,1
DA:33,0
DA:37,1
DA:38,12
DA:39,12
DA:40,7
DA:42,5
DA:46,7
DA:48,7
DA:49,2
DA:50,5
DA:51,1
DA:55,4
DA:56,4
DA:57,3
DA:58,3
DA:59,3
DA:60,3
DA:61,3
DA:63,3
DA:68,1
DA:72,5
DA:73,109
DA:74,5
DA:75,5
DA:76,5
DA:77,5
DA:79,5
DA:80,4
DA:81,4
DA:82,4
DA:84,4
DA:90,1
DA:91,0
DA:97,1
DA:98,1
DA:99,1
DA:104,4
DA:108,5
DA:109,5
DA:111,5
DA:112,5
DA:113,5
DA:115,5
DA:119,5
DA:128,5
DA:132,8
DA:133,8
DA:134,24
DA:135,24
DA:137,8
LF:63
LH:61
BRDA:39,0,0,7
BRDA:48,1,0,2
BRDA:48,1,1,5
BRDA:50,2,0,1
BRDA:56,3,0,3
BRDA:61,4,0,2
BRDA:61,4,1,1
BRDA:73,5,0,19
BRDA:73,5,1,90
BRDA:79,6,0,4
BRDA:81,7,0,2
BRDA:81,7,1,2
BRDA:90,8,0,0
BRDA:90,8,1,1
BRDA:111,9,0,2
BRDA:111,10,0,5
BRDA:111,10,1,5
BRDA:112,11,0,2
BRDA:112,12,0,5
BRDA:112,12,1,5
BRDA:113,13,0,1
BRDA:128,14,0,4
BRDA:128,14,1,1
BRF:23
BRH:22
end_of_record
TN:
SF:src/main/controllers/AddUserRolesController.ts
FN:18,(anonymous_9)
FN:28,(anonymous_10)
FNF:2
FNH:2
FNDA:1,(anonymous_9)
FNDA:5,(anonymous_10)
DA:1,1
DA:2,1
DA:5,1
DA:6,1
DA:7,1
DA:8,1
DA:11,1
DA:12,1
DA:13,1
DA:17,1
DA:19,1
DA:20,1
DA:21,1
DA:22,1
DA:24,1
DA:28,1
DA:29,5
DA:31,5
DA:32,1
DA:33,1
DA:35,1
DA:42,1
DA:48,4
DA:49,4
DA:51,4
DA:52,1
DA:62,3
DA:73,4
DA:74,4
LF:29
LH:29
BRDA:31,0,0,1
BRDA:51,1,0,1
BRDA:51,1,1,3
BRF:3
BRH:3
end_of_record
TN:
SF:src/main/controllers/DownloadReportController.ts
FN:13,(anonymous_9)
FN:20,(anonymous_10)
FN:23,(anonymous_13)
FN:31,(anonymous_14)
FN:38,(anonymous_15)
FN:46,(anonymous_17)
FNF:6
FNH:6
FNDA:1,(anonymous_9)
FNDA:2,(anonymous_10)
FNDA:1,(anonymous_13)
FNDA:1,(anonymous_14)
FNDA:2,(anonymous_15)
FNDA:1,(anonymous_17)
DA:1,1
DA:5,1
DA:6,1
DA:7,1
DA:9,1
DA:12,1
DA:14,1
DA:15,1
DA:17,1
DA:21,2
DA:22,2
DA:24,1
DA:26,1
DA:27,1
DA:28,1
DA:29,1
DA:31,1
DA:39,2
DA:41,2
DA:42,2
DA:43,1
DA:44,1
DA:45,2
DA:46,1
DA:47,2
DA:48,1
DA:50,2
DA:52,1
LF:28
LH:28
BRDA:46,0,0,0
BRDA:46,0,1,1
BRDA:47,1,0,1
BRDA:47,2,0,2
BRDA:47,2,1,2
BRDA:51,3,0,2
BRDA:51,3,1,2
BRF:7
BRH:6
end_of_record
TN:
SF:src/main/controllers/GenerateReportController.ts
FN:18,(anonymous_9)
FN:24,(anonymous_10)
FN:29,(anonymous_11)
FN:32,(anonymous_14)
FN:33,(anonymous_15)
FN:54,(anonymous_16)
FNF:6
FNH:6
FNDA:1,(anonymous_9)
FNDA:1,(anonymous_10)
FNDA:4,(anonymous_11)
FNDA:4,(anonymous_14)
FNDA:4,(anonymous_15)
FNDA:4,(anonymous_16)
DA:1,1
DA:2,1
DA:6,1
DA:7,1
DA:13,1
DA:14,1
DA:17,1
DA:19,1
DA:21,1
DA:25,1
DA:29,1
DA:30,4
DA:32,4
DA:33,4
DA:35,4
DA:36,4
DA:37,2
DA:41,2
DA:42,2
DA:44,1
DA:51,1
DA:55,4
DA:56,4
DA:58,4
DA:59,4
DA:61,4
LF:26
LH:26
BRDA:36,0,0,2
BRDA:58,1,0,1
BRDA:59,2,0,1
BRF:3
BRH:3
end_of_record
TN:
SF:src/main/controllers/ManageUserController.ts
FN:24,(anonymous_9)
FN:28,(anonymous_10)
FN:33,(anonymous_11)
FN:53,(anonymous_13)
FN:64,(anonymous_15)
FN:67,(anonymous_16)
FN:72,(anonymous_17)
FN:80,(anonymous_18)
FNF:8
FNH:8
FNDA:1,(anonymous_9)
FNDA:1,(anonymous_10)
FNDA:8,(anonymous_11)
FNDA:7,(anonymous_13)
FNDA:1,(anonymous_15)
FNDA:2,(anonymous_16)
FNDA:6,(anonymous_17)
FNDA:17,(anonymous_18)
DA:3,1
DA:4,1
DA:5,1
DA:6,1
DA:7,1
DA:13,1
DA:17,1
DA:18,1
DA:19,1
DA:22,1
DA:24,1
DA:25,1
DA:29,1
DA:33,1
DA:34,8
DA:35,8
DA:36,8
DA:37,1
DA:40,7
DA:41,7
DA:43,7
DA:44,6
DA:45,2
DA:46,2
DA:48,4
DA:49,4
DA:54,7
DA:55,4
DA:56,1
DA:57,1
DA:59,3
DA:63,3
DA:65,1
DA:68,2
DA:73,6
DA:81,17
LF:36
LH:36
BRDA:34,0,0,8
BRDA:34,0,1,2
BRDA:34,0,2,1
BRDA:35,1,0,4
BRDA:35,1,1,4
BRDA:36,2,0,1
BRDA:41,3,0,6
BRDA:41,3,1,1
BRDA:43,4,0,6
BRDA:44,5,0,2
BRDA:48,6,0,2
BRDA:48,6,1,2
BRDA:49,7,0,2
BRDA:49,7,1,2
BRDA:54,8,0,4
BRDA:55,9,0,1
BRDA:81,10,0,17
BRDA:81,10,1,0
BRDA:81,11,0,17
BRDA:81,11,1,17
BRF:20
BRH:19
end_of_record
TN:
SF:src/main/controllers/RootController.ts
FN:13,(anonymous_18)
FN:17,(anonymous_19)
FN:21,(anonymous_20)
FN:26,(anonymous_21)
FNF:4
FNH:3
FNDA:17,(anonymous_18)
FNDA:0,(anonymous_19)
FNDA:6,(anonymous_20)
FNDA:6,(anonymous_21)
DA:5,17
DA:6,17
DA:7,17
DA:8,17
DA:9,17
DA:12,17
DA:13,17
DA:14,17
DA:18,0
DA:22,6
DA:26,17
DA:27,6
DA:29,6
DA:30,5
DA:31,5
DA:32,2
DA:36,6
DA:37,2
DA:38,2
DA:39,2
DA:43,6
LF:21
LH:20
BRDA:29,0,0,5
BRDA:30,1,0,0
BRDA:30,1,1,5
BRDA:30,2,0,5
BRDA:30,2,1,5
BRDA:31,3,0,2
BRDA:36,4,0,2
BRDA:38,5,0,2
BRF:8
BRH:7
end_of_record
TN:
SF:src/main/controllers/UserActionsController.ts
FN:12,(anonymous_2)
FNF:1
FNH:1
FNDA:3,(anonymous_2)
DA:3,1
DA:4,1
DA:5,1
DA:6,1
DA:9,1
DA:12,1
DA:13,3
DA:15,1
DA:18,1
DA:20,0
DA:22,1
LF:11
LH:10
BRDA:13,0,0,1
BRDA:13,0,1,1
BRDA:13,0,2,1
BRDA:13,0,3,0
BRDA:13,0,4,1
BRF:5
BRH:4
end_of_record
TN:
SF:src/main/controllers/UserDeleteController.ts
FN:17,(anonymous_2)
FN:22,(anonymous_3)
FN:24,(anonymous_4)
FN:43,(anonymous_5)
FN:45,(anonymous_6)
FN:48,(anonymous_7)
FN:54,(anonymous_8)
FNF:7
FNH:7
FNDA:1,(anonymous_2)
FNDA:5,(anonymous_3)
FNDA:5,(anonymous_4)
FNDA:2,(anonymous_5)
FNDA:1,(anonymous_6)
FNDA:1,(anonymous_7)
FNDA:1,(anonymous_8)
DA:3,1
DA:4,1
DA:5,1
DA:6,1
DA:8,1
DA:9,1
DA:15,1
DA:17,1
DA:18,1
DA:22,1
DA:23,5
DA:25,5
DA:27,2
DA:29,1
DA:32,2
DA:33,1
DA:39,1
DA:44,2
DA:46,1
DA:49,1
DA:50,1
DA:55,1
DA:56,1
DA:57,1
LF:24
LH:24
BRDA:25,0,0,2
BRDA:25,0,1,1
BRDA:32,1,0,1
BRDA:56,2,0,1
BRF:4
BRH:4
end_of_record
TN:
SF:src/main/controllers/UserEditController.ts
FN:41,(anonymous_10)
FN:46,(anonymous_11)
FN:49,(anonymous_14)
FN:65,(anonymous_15)
FN:76,(anonymous_16)
FN:85,(anonymous_19)
FN:104,(anonymous_20)
FN:144,(anonymous_21)
FN:152,(anonymous_22)
FN:162,(anonymous_23)
FN:172,(anonymous_24)
FN:175,(anonymous_25)
FN:180,(anonymous_26)
FN:192,(anonymous_27)
FN:201,(anonymous_28)
FN:205,(anonymous_30)
FN:208,(anonymous_31)
FN:220,(anonymous_32)
FN:224,(anonymous_33)
FN:234,(anonymous_35)
FN:242,(anonymous_36)
FN:246,(anonymous_37)
FN:250,(anonymous_38)
FNF:23
FNH:23
FNDA:1,(anonymous_10)
FNDA:21,(anonymous_11)
FNDA:21,(anonymous_14)
FNDA:21,(anonymous_15)
FNDA:17,(anonymous_16)
FNDA:19,(anonymous_19)
FNDA:5,(anonymous_20)
FNDA:1,(anonymous_21)
FNDA:17,(anonymous_22)
FNDA:17,(anonymous_23)
FNDA:17,(anonymous_24)
FNDA:5,(anonymous_25)
FNDA:16,(anonymous_26)
FNDA:17,(anonymous_27)
FNDA:13,(anonymous_28)
FNDA:6,(anonymous_30)
FNDA:3,(anonymous_31)
FNDA:7,(anonymous_32)
FNDA:12,(anonymous_33)
FNDA:1,(anonymous_35)
FNDA:38,(anonymous_36)
FNDA:36,(anonymous_37)
FNDA:59,(anonymous_38)
DA:1,1
DA:3,1
DA:5,1
DA:8,1
DA:16,1
DA:25,1
DA:33,1
DA:36,1
DA:39,1
DA:41,1
DA:42,1
DA:46,1
DA:47,21
DA:48,21
DA:50,21
DA:52,21
DA:54,21
DA:55,21
DA:57,21
DA:58,17
DA:61,4
DA:66,21
DA:78,17
DA:80,17
DA:81,17
DA:83,17
DA:85,19
DA:86,17
DA:87,17
DA:88,17
DA:90,17
DA:91,17
DA:93,17
DA:95,17
DA:97,17
DA:98,17
DA:101,17
DA:102,1
DA:104,16
DA:107,16
DA:108,16
DA:109,1
DA:113,15
DA:114,15
DA:115,15
DA:116,3
DA:122,14
DA:123,13
DA:124,13
DA:125,13
DA:126,13
DA:127,12
DA:130,13
DA:136,2
DA:137,2
DA:145,1
DA:146,1
DA:153,17
DA:155,17
DA:156,17
DA:157,17
DA:159,17
DA:163,17
DA:165,17
DA:166,17
DA:167,17
DA:169,17
DA:173,17
DA:174,17
DA:175,17
DA:177,17
DA:181,16
DA:182,16
DA:184,16
DA:185,16
DA:186,16
DA:187,16
DA:189,16
DA:193,17
DA:195,17
DA:196,17
DA:197,17
DA:202,13
DA:203,13
DA:204,13
DA:205,6
DA:207,13
DA:208,3
DA:210,13
DA:211,2
DA:212,11
DA:213,1
DA:215,13
DA:216,1
DA:217,12
DA:218,3
DA:220,13
DA:221,13
DA:227,12
DA:228,1
DA:229,1
DA:231,11
DA:235,1
DA:236,1
DA:238,0
DA:243,38
DA:247,36
DA:251,59
LF:108
LH:107
BRDA:50,0,0,21
BRDA:50,0,1,0
BRDA:50,1,0,21
BRDA:50,1,1,21
BRDA:57,2,0,17
BRDA:70,3,0,21
BRDA:70,3,1,1
BRDA:71,4,0,21
BRDA:71,4,1,20
BRDA:83,5,0,17
BRDA:83,5,1,0
BRDA:83,6,0,0
BRDA:83,6,1,0
BRDA:85,7,0,19
BRDA:85,7,1,19
BRDA:87,8,0,17
BRDA:87,8,1,0
BRDA:87,9,0,17
BRDA:87,9,1,17
BRDA:88,10,0,17
BRDA:88,10,1,0
BRDA:88,11,0,17
BRDA:88,11,1,17
BRDA:93,12,0,17
BRDA:93,12,1,16
BRDA:97,13,0,17
BRDA:97,13,1,11
BRDA:97,13,2,10
BRDA:97,13,3,9
BRDA:97,13,4,8
BRDA:97,13,5,7
BRDA:101,14,0,1
BRDA:101,15,0,17
BRDA:101,15,1,13
BRDA:108,16,0,1
BRDA:115,17,0,3
BRDA:122,18,0,13
BRDA:123,19,0,13
BRDA:123,19,1,11
BRDA:123,19,2,3
BRDA:123,19,3,2
BRDA:124,20,0,13
BRDA:124,20,1,3
BRDA:124,20,2,13
BRDA:124,20,3,10
BRDA:155,21,0,17
BRDA:156,22,0,17
BRDA:156,22,1,3
BRDA:156,22,2,2
BRDA:157,23,0,17
BRDA:157,23,1,3
BRDA:157,23,2,1
BRDA:165,24,0,17
BRDA:166,25,0,17
BRDA:166,25,1,4
BRDA:166,25,2,1
BRDA:167,26,0,17
BRDA:167,26,1,4
BRDA:167,26,2,3
BRDA:184,27,0,1
BRDA:184,28,0,16
BRDA:184,28,1,4
BRDA:185,29,0,1
BRDA:185,30,0,16
BRDA:185,30,1,1
BRDA:186,31,0,0
BRDA:186,32,0,16
BRDA:186,32,1,0
BRDA:187,33,0,0
BRDA:187,34,0,16
BRDA:187,34,1,0
BRDA:195,35,0,17
BRDA:195,35,1,0
BRDA:196,36,0,17
BRDA:196,36,1,0
BRDA:204,37,0,6
BRDA:207,38,0,3
BRDA:210,39,0,2
BRDA:210,39,1,11
BRDA:212,40,0,1
BRDA:215,41,0,1
BRDA:215,41,1,12
BRDA:217,42,0,3
BRDA:227,43,0,1
BRDA:235,44,0,1
BRDA:235,44,1,0
BRDA:251,45,0,59
BRDA:251,45,1,7
BRF:88
BRH:75
end_of_record
TN:
SF:src/main/controllers/UserOptionController.ts
FN:14,(anonymous_9)
FN:19,(anonymous_12)
FN:38,(anonymous_15)
FN:55,(anonymous_17)
FNF:4
FNH:4
FNDA:2,(anonymous_9)
FNDA:4,(anonymous_12)
FNDA:3,(anonymous_15)
FNDA:1,(anonymous_17)
DA:3,1
DA:4,1
DA:5,1
DA:6,1
DA:7,1
DA:8,1
DA:10,1
DA:13,1
DA:15,2
DA:16,2
DA:20,4
DA:21,1
DA:22,1
DA:28,3
DA:30,1
DA:32,1
DA:34,1
DA:39,3
DA:41,3
DA:42,3
DA:44,3
DA:45,2
DA:48,3
DA:49,1
DA:52,3
DA:56,1
DA:57,1
DA:58,2
DA:60,1
LF:29
LH:29
BRDA:20,0,0,1
BRDA:28,1,0,1
BRDA:28,1,1,1
BRDA:28,1,2,1
BRDA:41,2,0,3
BRDA:44,3,0,2
BRDA:48,4,0,1
BRF:7
BRH:7
end_of_record
TN:
SF:src/main/controllers/UserRemoveSsoController.ts
FN:17,(anonymous_2)
FN:22,(anonymous_3)
FN:24,(anonymous_4)
FN:43,(anonymous_5)
FN:45,(anonymous_6)
FN:48,(anonymous_7)
FN:54,(anonymous_8)
FNF:7
FNH:7
FNDA:1,(anonymous_2)
FNDA:5,(anonymous_3)
FNDA:5,(anonymous_4)
FNDA:2,(anonymous_5)
FNDA:1,(anonymous_6)
FNDA:1,(anonymous_7)
FNDA:1,(anonymous_8)
DA:3,1
DA:4,1
DA:5,1
DA:6,1
DA:8,1
DA:9,1
DA:15,1
DA:17,1
DA:18,1
DA:22,1
DA:23,5
DA:25,5
DA:27,2
DA:29,1
DA:32,2
DA:33,1
DA:39,1
DA:44,2
DA:46,1
DA:49,1
DA:50,1
DA:55,1
DA:56,1
DA:57,1
LF:24
LH:24
BRDA:25,0,0,2
BRDA:25,0,1,1
BRDA:32,1,0,1
BRDA:56,2,0,1
BRF:4
BRH:4
end_of_record
TN:
SF:src/main/controllers/UserResultsController.ts
FN:24,(anonymous_9)
FN:29,(anonymous_10)
FN:34,(anonymous_12)
FN:38,(anonymous_14)
FN:77,(anonymous_17)
FN:94,(anonymous_18)
FN:108,(anonymous_19)
FN:121,(anonymous_20)
FN:136,(anonymous_21)
FN:141,(anonymous_22)
FN:142,(anonymous_23)
FNF:11
FNH:10
FNDA:1,(anonymous_9)
FNDA:0,(anonymous_10)
FNDA:13,(anonymous_12)
FNDA:13,(anonymous_14)
FNDA:13,(anonymous_17)
FNDA:13,(anonymous_18)
FNDA:13,(anonymous_19)
FNDA:13,(anonymous_20)
FNDA:3,(anonymous_21)
FNDA:13,(anonymous_22)
FNDA:12,(anonymous_23)
DA:4,1
DA:11,1
DA:12,1
DA:14,1
DA:15,1
DA:16,1
DA:17,1
DA:20,1
DA:22,1
DA:24,1
DA:25,1
DA:29,1
DA:30,0
DA:34,1
DA:35,13
DA:39,13
DA:42,13
DA:43,13
DA:45,0
DA:46,0
DA:49,13
DA:54,13
DA:55,13
DA:56,13
DA:57,13
DA:58,13
DA:59,13
DA:80,13
DA:81,4
DA:82,3
DA:83,3
DA:85,1
DA:86,1
DA:89,9
DA:91,13
DA:96,13
DA:97,3
DA:99,13
DA:100,1
DA:101,1
DA:103,1
DA:105,13
DA:109,13
DA:110,1
DA:112,13
DA:113,13
DA:114,13
DA:115,13
DA:116,1
DA:118,13
DA:122,13
DA:123,4
DA:124,3
DA:125,3
DA:126,2
DA:127,2
DA:129,1
DA:133,10
DA:137,3
DA:138,3
DA:142,13
LF:61
LH:58
BRDA:39,0,0,13
BRDA:39,0,1,0
BRDA:80,1,0,4
BRDA:80,1,1,9
BRDA:81,2,0,3
BRDA:81,2,1,1
BRDA:96,3,0,3
BRDA:96,4,0,9
BRDA:96,4,1,4
BRDA:96,5,0,13
BRDA:96,5,1,13
BRDA:99,6,0,1
BRDA:100,7,0,1
BRDA:101,8,0,1
BRDA:101,8,1,0
BRDA:101,9,0,0
BRDA:101,9,1,1
BRDA:101,10,0,1
BRDA:101,10,1,1
BRDA:103,11,0,1
BRDA:103,11,1,0
BRDA:109,12,0,1
BRDA:115,13,0,1
BRDA:122,14,0,4
BRDA:123,15,0,3
BRDA:125,16,0,2
BRDA:125,16,1,1
BRDA:127,17,0,1
BRDA:127,17,1,1
BRF:29
BRH:25
end_of_record
TN:
SF:src/main/controllers/UserSuspendController.ts
FN:17,(anonymous_2)
FN:22,(anonymous_3)
FN:24,(anonymous_4)
FN:58,(anonymous_5)
FN:60,(anonymous_6)
FN:63,(anonymous_7)
FN:69,(anonymous_8)
FN:71,(anonymous_9)
FN:74,(anonymous_10)
FN:80,(anonymous_11)
FNF:10
FNH:10
FNDA:1,(anonymous_2)
FNDA:10,(anonymous_3)
FNDA:10,(anonymous_4)
FNDA:2,(anonymous_5)
FNDA:1,(anonymous_6)
FNDA:1,(anonymous_7)
FNDA:2,(anonymous_8)
FNDA:1,(anonymous_9)
FNDA:1,(anonymous_10)
FNDA:2,(anonymous_11)
DA:3,1
DA:4,1
DA:5,1
DA:6,1
DA:8,1
DA:9,1
DA:15,1
DA:17,1
DA:18,1
DA:22,1
DA:23,10
DA:25,10
DA:27,2
DA:29,2
DA:32,6
DA:34,2
DA:36,0
DA:39,4
DA:41,1
DA:43,1
DA:48,1
DA:50,1
DA:59,2
DA:61,1
DA:64,1
DA:65,1
DA:70,2
DA:72,1
DA:75,1
DA:76,1
DA:81,2
DA:82,2
DA:83,2
DA:84,2
LF:34
LH:33
BRDA:25,0,0,2
BRDA:25,0,1,2
BRDA:32,1,0,2
BRDA:32,1,1,0
BRDA:39,2,0,1
BRDA:39,2,1,1
BRDA:39,2,2,1
BRDA:39,2,3,1
BRDA:82,3,0,1
BRDA:82,4,0,2
BRDA:82,4,1,1
BRDA:83,5,0,1
BRDA:83,6,0,2
BRDA:83,6,1,1
BRF:14
BRH:13
end_of_record
TN:
SF:src/main/controllers/ViewReportController.ts
FN:17,(anonymous_9)
FN:26,(anonymous_10)
FN:31,(anonymous_12)
FN:35,(anonymous_14)
FN:46,(anonymous_17)
FNF:5
FNH:3
FNDA:1,(anonymous_9)
FNDA:3,(anonymous_10)
FNDA:0,(anonymous_12)
FNDA:3,(anonymous_14)
FNDA:0,(anonymous_17)
DA:1,1
DA:2,1
DA:6,1
DA:7,1
DA:16,1
DA:18,1
DA:19,1
DA:20,1
DA:22,1
DA:26,1
DA:27,3
DA:31,1
DA:32,0
DA:36,3
DA:37,3
DA:38,3
DA:40,3
DA:41,3
DA:44,2
DA:45,2
DA:46,0
DA:48,0
DA:55,2
DA:56,1
DA:57,1
DA:66,0
DA:77,1
DA:83,1
LF:28
LH:24
BRDA:37,0,0,0
BRDA:37,0,1,3
BRDA:46,1,0,0
BRDA:46,1,1,0
BRDA:55,2,0,1
BRDA:56,3,0,1
BRDA:56,3,1,0
BRF:7
BRH:3
end_of_record
TN:
SF:src/main/interfaces/V2User.ts
FN:20,(anonymous_0)
FN:26,(anonymous_1)
FNF:2
FNH:2
FNDA:1,(anonymous_0)
FNDA:1,(anonymous_1)
DA:20,1
DA:21,1
DA:22,1
DA:23,1
DA:26,1
DA:27,1
DA:28,1
LF:7
LH:7
BRDA:20,0,0,1
BRDA:20,0,1,1
BRDA:26,1,0,1
BRDA:26,1,1,1
BRF:4
BRH:4
end_of_record
TN:
SF:src/main/modules/error-handler/asyncErrorDecorator.ts
FN:3,wrapMethod
FN:14,(anonymous_8)
FN:29,wrapClass
FN:30,(anonymous_11)
FN:47,asyncError
FNF:5
FNH:3
FNDA:31,wrapMethod
FNDA:98,(anonymous_8)
FNDA:0,wrapClass
FNDA:0,(anonymous_11)
FNDA:31,asyncError
DA:3,17
DA:8,31
DA:10,31
DA:11,0
DA:14,31
DA:15,98
DA:17,98
DA:20,0
DA:21,0
DA:25,31
DA:29,17
DA:30,0
DA:32,0
DA:33,0
DA:36,0
DA:39,0
DA:40,0
DA:44,0
DA:47,17
DA:48,31
DA:49,0
DA:52,31
LF:22
LH:11
BRDA:10,0,0,0
BRDA:20,1,0,0
BRDA:21,2,0,0
BRDA:32,3,0,0
BRDA:39,4,0,0
BRDA:48,5,0,0
BRF:6
BRH:0
end_of_record
TN:
SF:src/main/modules/logging/index.ts
FNF:0
FNH:0
DA:1,13
DA:3,13
DA:14,13
LF:3
LH:3
BRF:0
BRH:0
end_of_record
TN:
SF:src/main/utils/SearchType.ts
FN:1,(anonymous_0)
FNF:1
FNH:1
FNDA:1,(anonymous_0)
DA:1,1
DA:2,1
DA:3,1
DA:4,1
LF:4
LH:4
BRDA:1,0,0,1
BRDA:1,0,1,1
BRF:2
BRH:2
end_of_record
TN:
SF:src/main/utils/UserOption.ts
FN:1,(anonymous_0)
FNF:1
FNH:1
FNDA:1,(anonymous_0)
DA:1,1
DA:2,1
DA:3,1
DA:4,1
LF:4
LH:4
BRDA:1,0,0,1
BRDA:1,0,1,1
BRF:2
BRH:2
end_of_record
TN:
SF:src/main/utils/UserType.ts
FN:1,(anonymous_0)
FNF:1
FNH:1
FNDA:3,(anonymous_0)
DA:1,3
DA:2,3
DA:3,3
DA:4,3
LF:4
LH:4
BRDA:1,0,0,3
BRDA:1,0,1,3
BRF:2
BRH:2
end_of_record
TN:
SF:src/main/utils/error.ts
FN:27,(anonymous_0)
FN:29,(anonymous_1)
FNF:2
FNH:2
FNDA:1,(anonymous_0)
FNDA:2,(anonymous_1)
DA:1,13
DA:2,13
DA:3,13
DA:4,13
DA:5,13
DA:6,13
DA:7,13
DA:8,13
DA:10,13
DA:11,13
DA:12,13
DA:13,13
DA:14,13
DA:15,13
DA:16,13
DA:17,13
DA:18,13
DA:19,13
DA:20,13
DA:21,13
DA:22,13
DA:23,13
DA:24,13
DA:25,13
DA:27,13
DA:29,13
LF:26
LH:26
BRF:0
BRH:0
end_of_record
TN:
SF:src/main/utils/roleUtils.ts
FN:13,(anonymous_1)
FN:16,(anonymous_2)
FN:19,(anonymous_3)
FN:26,(anonymous_4)
FN:34,(anonymous_5)
FN:43,(anonymous_6)
FN:46,(anonymous_7)
FN:47,(anonymous_8)
FN:53,(anonymous_9)
FN:57,(anonymous_10)
FN:61,(anonymous_11)
FN:69,(anonymous_12)
FN:70,(anonymous_13)
FN:73,(anonymous_14)
FN:74,(anonymous_15)
FN:78,(anonymous_16)
FN:82,(anonymous_17)
FN:86,(anonymous_18)
FN:90,(anonymous_19)
FN:94,(anonymous_20)
FN:98,(anonymous_21)
FN:99,(anonymous_22)
FNF:22
FNH:21
FNDA:46,(anonymous_1)
FNDA:1,(anonymous_2)
FNDA:0,(anonymous_3)
FNDA:26,(anonymous_4)
FNDA:57,(anonymous_5)
FNDA:4,(anonymous_6)
FNDA:11,(anonymous_7)
FNDA:11,(anonymous_8)
FNDA:11,(anonymous_9)
FNDA:36,(anonymous_10)
FNDA:78,(anonymous_11)
FNDA:78,(anonymous_12)
FNDA:46,(anonymous_13)
FNDA:17,(anonymous_14)
FNDA:19,(anonymous_15)
FNDA:13,(anonymous_16)
FNDA:2,(anonymous_17)
FNDA:23,(anonymous_18)
FNDA:6,(anonymous_19)
FNDA:8,(anonymous_20)
FNDA:20,(anonymous_21)
FNDA:27,(anonymous_22)
DA:7,7
DA:9,7
DA:10,7
DA:11,7
DA:13,7
DA:14,46
DA:15,1
DA:17,1
DA:20,0
DA:21,0
DA:26,7
DA:27,26
DA:28,8
DA:30,18
DA:34,7
DA:35,57
DA:36,3
DA:37,54
DA:38,28
DA:40,26
DA:43,7
DA:44,4
DA:45,4
DA:46,11
DA:48,11
DA:49,11
DA:50,11
DA:51,11
DA:53,11
DA:54,4
DA:57,7
DA:58,36
DA:59,36
DA:61,36
DA:62,78
DA:63,78
DA:64,78
DA:65,78
DA:66,78
DA:69,78
DA:70,46
DA:73,7
DA:74,19
DA:75,17
DA:78,7
DA:80,13
DA:81,13
DA:82,2
DA:86,7
DA:88,23
DA:89,23
DA:90,6
DA:92,23
DA:93,23
DA:94,8
DA:98,7
DA:99,27
LF:57
LH:55
BRDA:14,0,0,1
BRDA:27,1,0,8
BRDA:27,1,1,18
BRDA:30,2,0,18
BRDA:30,2,1,0
BRDA:35,3,0,3
BRDA:35,3,1,54
BRDA:35,4,0,57
BRDA:35,4,1,17
BRDA:37,5,0,28
BRDA:37,6,0,54
BRDA:37,6,1,42
BRDA:81,7,0,1
BRDA:89,8,0,3
BRDA:93,9,0,4
BRF:15
BRH:14
end_of_record
TN:
SF:src/main/utils/serviceUtils.ts
FN:6,(anonymous_0)
FN:8,(anonymous_1)
FN:9,(anonymous_2)
FN:12,(anonymous_3)
FN:13,(anonymous_4)
FN:16,(anonymous_5)
FN:18,(anonymous_6)
FN:19,(anonymous_7)
FNF:8
FNH:8
FNDA:6,(anonymous_0)
FNDA:17,(anonymous_1)
FNDA:11,(anonymous_2)
FNDA:10,(anonymous_3)
FNDA:18,(anonymous_4)
FNDA:6,(anonymous_5)
FNDA:7,(anonymous_6)
FNDA:9,(anonymous_7)
DA:4,3
DA:6,3
DA:7,6
DA:8,17
DA:9,11
DA:12,3
DA:13,18
DA:16,3
DA:17,6
DA:18,7
DA:19,9
LF:11
LH:11
BRDA:13,0,0,18
BRDA:13,0,1,6
BRDA:18,1,0,5
BRDA:18,1,1,2
BRF:4
BRH:4
end_of_record
TN:
SF:src/main/utils/urls.ts
FNF:0
FNH:0
DA:2,17
DA:3,17
DA:4,17
DA:5,17
DA:7,17
DA:8,17
DA:9,17
DA:10,17
DA:11,17
DA:12,17
DA:13,17
DA:14,17
DA:15,17
DA:16,17
DA:17,17
DA:18,17
DA:19,17
DA:20,17
DA:21,17
DA:22,17
LF:20
LH:20
BRF:0
BRH:0
end_of_record
TN:
SF:src/main/utils/utils.ts
FN:3,(anonymous_0)
FN:7,(anonymous_1)
FN:11,(anonymous_2)
FN:15,(anonymous_3)
FN:20,(anonymous_4)
FN:24,(anonymous_5)
FN:28,(anonymous_6)
FN:34,(anonymous_7)
FN:47,(anonymous_8)
FN:49,(anonymous_9)
FN:53,(anonymous_10)
FN:58,(anonymous_11)
FN:64,(anonymous_12)
FN:69,(anonymous_13)
FN:75,(anonymous_14)
FN:80,(anonymous_15)
FN:84,(anonymous_16)
FN:91,(anonymous_17)
FN:92,(anonymous_18)
FN:93,(anonymous_19)
FN:94,(anonymous_20)
FN:99,(anonymous_21)
FN:103,(anonymous_22)
FN:104,(anonymous_23)
FN:107,(anonymous_24)
FN:110,(anonymous_25)
FN:111,(anonymous_26)
FN:115,(anonymous_27)
FNF:28
FNH:28
FNDA:111,(anonymous_0)
FNDA:44,(anonymous_1)
FNDA:66,(anonymous_2)
FNDA:17,(anonymous_3)
FNDA:7,(anonymous_4)
FNDA:3,(anonymous_5)
FNDA:26,(anonymous_6)
FNDA:17,(anonymous_7)
FNDA:17,(anonymous_8)
FNDA:17,(anonymous_9)
FNDA:29,(anonymous_10)
FNDA:2,(anonymous_11)
FNDA:7,(anonymous_12)
FNDA:7,(anonymous_13)
FNDA:33,(anonymous_14)
FNDA:21,(anonymous_15)
FNDA:23,(anonymous_16)
FNDA:83,(anonymous_17)
FNDA:100,(anonymous_18)
FNDA:100,(anonymous_19)
FNDA:26,(anonymous_20)
FNDA:6,(anonymous_21)
FNDA:3,(anonymous_22)
FNDA:7,(anonymous_23)
FNDA:40,(anonymous_24)
FNDA:57,(anonymous_25)
FNDA:16,(anonymous_26)
FNDA:4,(anonymous_27)
DA:1,18
DA:3,18
DA:4,111
DA:7,18
DA:8,44
DA:11,18
DA:12,66
DA:15,18
DA:16,17
DA:17,17
DA:20,18
DA:21,7
DA:24,18
DA:25,3
DA:28,18
DA:29,26
DA:34,18
DA:35,17
DA:36,8
DA:37,9
DA:38,3
DA:39,6
DA:40,2
DA:41,4
DA:42,4
DA:44,0
DA:47,18
DA:48,17
DA:49,17
DA:53,18
DA:54,29
DA:55,29
DA:58,18
DA:59,2
DA:60,2
DA:64,18
DA:65,7
DA:66,7
DA:69,18
DA:70,7
DA:72,6
DA:73,6
DA:74,6
DA:75,33
DA:77,1
DA:80,18
DA:81,21
DA:84,18
DA:85,23
DA:91,83
DA:92,100
DA:93,100
DA:94,26
DA:96,23
DA:99,18
DA:100,6
DA:103,18
DA:104,7
DA:107,18
DA:108,40
DA:109,40
DA:110,57
DA:111,16
DA:112,40
DA:115,18
DA:116,4
DA:117,1
DA:120,3
DA:121,3
DA:122,8
DA:123,2
DA:124,6
DA:125,3
DA:128,3
LF:74
LH:73
BRDA:4,0,0,111
BRDA:4,0,1,110
BRDA:8,1,0,44
BRDA:8,1,1,38
BRDA:21,2,0,7
BRDA:21,2,1,6
BRDA:25,3,0,3
BRDA:25,3,1,2
BRDA:29,4,0,26
BRDA:29,4,1,21
BRDA:29,4,2,18
BRDA:35,5,0,8
BRDA:35,5,1,9
BRDA:37,6,0,3
BRDA:37,6,1,6
BRDA:39,7,0,2
BRDA:39,7,1,4
BRDA:41,8,0,4
BRDA:48,9,0,5
BRDA:55,10,0,27
BRDA:55,10,1,2
BRDA:60,11,0,1
BRDA:60,11,1,1
BRDA:70,12,0,6
BRDA:74,13,0,2
BRDA:74,13,1,4
BRDA:75,14,0,22
BRDA:75,14,1,11
BRDA:100,15,0,4
BRDA:100,15,1,2
BRDA:116,16,0,1
BRDA:122,17,0,2
BRDA:122,17,1,6
BRDA:122,18,0,8
BRDA:122,18,1,4
BRDA:124,19,0,3
BRF:36
BRH:36
end_of_record
